GAS LISTING C:/Users/MICHEL~1/AppData/Local/Temp/ccWG8Fhh.s 			page 1


   1               		.file	"httpd.c"
   2               		.arch atmega2561
   3               	__SREG__ = 0x3f
   4               	__SP_H__ = 0x3e
   5               	__SP_L__ = 0x3d
   6               	__tmp_reg__ = 0
   7               	__zero_reg__ = 1
   8               		.global __do_copy_data
   9               		.global __do_clear_bss
  10               		.text
  11               		.type	NextWord, @function
  12               	NextWord:
  13               	/* prologue: frame size=0 */
  14               	/* prologue end (size=0) */
  15 0000 FC01      		movw r30,r24
  16 0002 00C0      		rjmp .L2
  17               	.L3:
  18 0004 3196      		adiw r30,1
  19               	.L2:
  20 0006 8081      		ld r24,Z
  21 0008 8823      		tst r24
  22 000a 01F0      		breq .L12
  23 000c 8032      		cpi r24,lo8(32)
  24 000e 01F0      		breq .L6
  25 0010 8930      		cpi r24,lo8(9)
  26 0012 01F4      		brne .L3
  27               	.L6:
  28 0014 1192      		st Z+,__zero_reg__
  29 0016 00C0      		rjmp .L12
  30               	.L8:
  31 0018 3196      		adiw r30,1
  32               	.L12:
  33 001a 8081      		ld r24,Z
  34 001c 8032      		cpi r24,lo8(32)
  35 001e 01F0      		breq .L8
  36 0020 8930      		cpi r24,lo8(9)
  37 0022 01F0      		breq .L8
  38 0024 CF01      		movw r24,r30
  39               	/* epilogue: frame size=0 */
  40 0026 0895      		ret
  41               	/* epilogue end (size=1) */
  42               	/* function NextWord size 20 (19) */
  43               		.size	NextWord, .-NextWord
  44               	.global	NutHttpSetOptionFlags
  45               		.type	NutHttpSetOptionFlags, @function
  46               	NutHttpSetOptionFlags:
  47               	/* prologue: frame size=0 */
  48               	/* prologue end (size=0) */
  49 0028 6093 0000 		sts http_optflags,r22
  50 002c 7093 0000 		sts (http_optflags)+1,r23
  51 0030 8093 0000 		sts (http_optflags)+2,r24
  52 0034 9093 0000 		sts (http_optflags)+3,r25
  53               	/* epilogue: frame size=0 */
  54 0038 0895      		ret
  55               	/* epilogue end (size=1) */
  56               	/* function NutHttpSetOptionFlags size 9 (8) */
  57               		.size	NutHttpSetOptionFlags, .-NutHttpSetOptionFlags
GAS LISTING C:/Users/MICHEL~1/AppData/Local/Temp/ccWG8Fhh.s 			page 2


  58               	.global	NutHttpGetOptionFlags
  59               		.type	NutHttpGetOptionFlags, @function
  60               	NutHttpGetOptionFlags:
  61               	/* prologue: frame size=0 */
  62               	/* prologue end (size=0) */
  63 003a 6091 0000 		lds r22,http_optflags
  64 003e 7091 0000 		lds r23,(http_optflags)+1
  65 0042 8091 0000 		lds r24,(http_optflags)+2
  66 0046 9091 0000 		lds r25,(http_optflags)+3
  67               	/* epilogue: frame size=0 */
  68 004a 0895      		ret
  69               	/* epilogue end (size=1) */
  70               	/* function NutHttpGetOptionFlags size 9 (8) */
  71               		.size	NutHttpGetOptionFlags, .-NutHttpGetOptionFlags
  72               		.type	DestroyRequestInfo, @function
  73               	DestroyRequestInfo:
  74               	/* prologue: frame size=0 */
  75 004c CF93      		push r28
  76 004e DF93      		push r29
  77               	/* prologue end (size=2) */
  78 0050 EC01      		movw r28,r24
  79 0052 892B      		or r24,r25
  80 0054 01F0      		breq .L38
  81 0056 8885      		ldd r24,Y+8
  82 0058 9985      		ldd r25,Y+9
  83 005a 0097      		sbiw r24,0
  84 005c 01F0      		breq .L20
  85 005e 0E94 0000 		call free
  86               	.L20:
  87 0062 8A85      		ldd r24,Y+10
  88 0064 9B85      		ldd r25,Y+11
  89 0066 0097      		sbiw r24,0
  90 0068 01F0      		breq .L22
  91 006a 0E94 0000 		call free
  92               	.L22:
  93 006e 8C85      		ldd r24,Y+12
  94 0070 9D85      		ldd r25,Y+13
  95 0072 0097      		sbiw r24,0
  96 0074 01F0      		breq .L24
  97 0076 0E94 0000 		call free
  98               	.L24:
  99 007a 8E85      		ldd r24,Y+14
 100 007c 9F85      		ldd r25,Y+15
 101 007e 0097      		sbiw r24,0
 102 0080 01F0      		breq .L26
 103 0082 0E94 0000 		call free
 104               	.L26:
 105 0086 8889      		ldd r24,Y+16
 106 0088 9989      		ldd r25,Y+17
 107 008a 0097      		sbiw r24,0
 108 008c 01F0      		breq .L28
 109 008e 0E94 0000 		call free
 110               	.L28:
 111 0092 8A89      		ldd r24,Y+18
 112 0094 9B89      		ldd r25,Y+19
 113 0096 0097      		sbiw r24,0
 114 0098 01F0      		breq .L30
GAS LISTING C:/Users/MICHEL~1/AppData/Local/Temp/ccWG8Fhh.s 			page 3


 115 009a 0E94 0000 		call free
 116               	.L30:
 117 009e 8C89      		ldd r24,Y+20
 118 00a0 9D89      		ldd r25,Y+21
 119 00a2 0097      		sbiw r24,0
 120 00a4 01F0      		breq .L32
 121 00a6 0E94 0000 		call free
 122               	.L32:
 123 00aa 8C8D      		ldd r24,Y+28
 124 00ac 9D8D      		ldd r25,Y+29
 125 00ae 0097      		sbiw r24,0
 126 00b0 01F0      		breq .L34
 127 00b2 0E94 0000 		call free
 128               	.L34:
 129 00b6 8E8D      		ldd r24,Y+30
 130 00b8 9F8D      		ldd r25,Y+31
 131 00ba 0097      		sbiw r24,0
 132 00bc 01F0      		breq .L36
 133 00be 0E94 0000 		call free
 134               	.L36:
 135 00c2 CE01      		movw r24,r28
 136 00c4 0E94 0000 		call free
 137               	.L38:
 138               	/* epilogue: frame size=0 */
 139 00c8 DF91      		pop r29
 140 00ca CF91      		pop r28
 141 00cc 0895      		ret
 142               	/* epilogue end (size=3) */
 143               	/* function DestroyRequestInfo size 65 (60) */
 144               		.size	DestroyRequestInfo, .-DestroyRequestInfo
 145               	.global	NutGetMimeHandler
 146               		.type	NutGetMimeHandler, @function
 147               	NutGetMimeHandler:
 148               	/* prologue: frame size=0 */
 149 00ce CF92      		push r12
 150 00d0 DF92      		push r13
 151 00d2 EF92      		push r14
 152 00d4 FF92      		push r15
 153 00d6 0F93      		push r16
 154 00d8 1F93      		push r17
 155 00da CF93      		push r28
 156 00dc DF93      		push r29
 157               	/* prologue end (size=8) */
 158 00de 8C01      		movw r16,r24
 159 00e0 0097      		sbiw r24,0
 160 00e2 01F0      		breq .L40
 161 00e4 EC01      		movw r28,r24
 162 00e6 0990      		ld __tmp_reg__,Y+
 163 00e8 0020      		tst __tmp_reg__
 164 00ea 01F4      		brne .-6
 165 00ec 2197      		sbiw r28,1
 166 00ee C81B      		sub r28,r24
 167 00f0 D90B      		sbc r29,r25
 168 00f2 01F0      		breq .L40
 169 00f4 EE24      		clr r14
 170 00f6 FF24      		clr r15
 171 00f8 20E0      		ldi r18,lo8(mimeTypes)
GAS LISTING C:/Users/MICHEL~1/AppData/Local/Temp/ccWG8Fhh.s 			page 4


 172 00fa C22E      		mov r12,r18
 173 00fc 20E0      		ldi r18,hi8(mimeTypes)
 174 00fe D22E      		mov r13,r18
 175 0100 00C0      		rjmp .L43
 176               	.L40:
 177 0102 8091 0000 		lds r24,mimeTypes+10
 178 0106 9091 0000 		lds r25,(mimeTypes+10)+1
 179 010a 00C0      		rjmp .L44
 180               	.L50:
 181 010c F701      		movw r30,r14
 182 010e EE0F      		lsl r30
 183 0110 FF1F      		rol r31
 184 0112 EE0D      		add r30,r14
 185 0114 FF1D      		adc r31,r15
 186 0116 EE0F      		lsl r30
 187 0118 FF1F      		rol r31
 188 011a E050      		subi r30,lo8(-(mimeTypes))
 189 011c F040      		sbci r31,hi8(-(mimeTypes))
 190 011e 8481      		ldd r24,Z+4
 191 0120 9581      		ldd r25,Z+5
 192 0122 00C0      		rjmp .L44
 193               	.L45:
 194 0124 86E0      		ldi r24,lo8(6)
 195 0126 90E0      		ldi r25,hi8(6)
 196 0128 C80E      		add r12,r24
 197 012a D91E      		adc r13,r25
 198 012c FD01      		movw r30,r26
 199 012e 0190      		ld __tmp_reg__,Z+
 200 0130 0020      		tst __tmp_reg__
 201 0132 01F4      		brne .-6
 202 0134 3197      		sbiw r30,1
 203 0136 EA1B      		sub r30,r26
 204 0138 FB0B      		sbc r31,r27
 205 013a CE01      		movw r24,r28
 206 013c 8E1B      		sub r24,r30
 207 013e 9F0B      		sbc r25,r31
 208 0140 BD01      		movw r22,r26
 209 0142 800F      		add r24,r16
 210 0144 911F      		adc r25,r17
 211 0146 0E94 0000 		call strcasecmp
 212 014a 892B      		or r24,r25
 213 014c 01F0      		breq .L50
 214 014e 0894      		sec
 215 0150 E11C      		adc r14,__zero_reg__
 216 0152 F11C      		adc r15,__zero_reg__
 217               	.L43:
 218 0154 F601      		movw r30,r12
 219 0156 A081      		ld r26,Z
 220 0158 B181      		ldd r27,Z+1
 221 015a 1097      		sbiw r26,0
 222 015c 01F4      		brne .L45
 223 015e 8091 0000 		lds r24,mimeTypes+4
 224 0162 9091 0000 		lds r25,(mimeTypes+4)+1
 225               	.L44:
 226               	/* epilogue: frame size=0 */
 227 0166 DF91      		pop r29
 228 0168 CF91      		pop r28
GAS LISTING C:/Users/MICHEL~1/AppData/Local/Temp/ccWG8Fhh.s 			page 5


 229 016a 1F91      		pop r17
 230 016c 0F91      		pop r16
 231 016e FF90      		pop r15
 232 0170 EF90      		pop r14
 233 0172 DF90      		pop r13
 234 0174 CF90      		pop r12
 235 0176 0895      		ret
 236               	/* epilogue end (size=9) */
 237               	/* function NutGetMimeHandler size 86 (69) */
 238               		.size	NutGetMimeHandler, .-NutGetMimeHandler
 239               	.global	NutGetMimeType
 240               		.type	NutGetMimeType, @function
 241               	NutGetMimeType:
 242               	/* prologue: frame size=0 */
 243 0178 CF92      		push r12
 244 017a DF92      		push r13
 245 017c EF92      		push r14
 246 017e FF92      		push r15
 247 0180 0F93      		push r16
 248 0182 1F93      		push r17
 249 0184 CF93      		push r28
 250 0186 DF93      		push r29
 251               	/* prologue end (size=8) */
 252 0188 8C01      		movw r16,r24
 253 018a 0097      		sbiw r24,0
 254 018c 01F0      		breq .L52
 255 018e EC01      		movw r28,r24
 256 0190 0990      		ld __tmp_reg__,Y+
 257 0192 0020      		tst __tmp_reg__
 258 0194 01F4      		brne .-6
 259 0196 2197      		sbiw r28,1
 260 0198 C81B      		sub r28,r24
 261 019a D90B      		sbc r29,r25
 262 019c 01F0      		breq .L52
 263 019e EE24      		clr r14
 264 01a0 FF24      		clr r15
 265 01a2 50E0      		ldi r21,lo8(mimeTypes)
 266 01a4 C52E      		mov r12,r21
 267 01a6 50E0      		ldi r21,hi8(mimeTypes)
 268 01a8 D52E      		mov r13,r21
 269 01aa 00C0      		rjmp .L55
 270               	.L52:
 271 01ac 8091 0000 		lds r24,mimeTypes+8
 272 01b0 9091 0000 		lds r25,(mimeTypes+8)+1
 273 01b4 00C0      		rjmp .L56
 274               	.L62:
 275 01b6 F701      		movw r30,r14
 276 01b8 EE0F      		lsl r30
 277 01ba FF1F      		rol r31
 278 01bc EE0D      		add r30,r14
 279 01be FF1D      		adc r31,r15
 280 01c0 EE0F      		lsl r30
 281 01c2 FF1F      		rol r31
 282 01c4 E050      		subi r30,lo8(-(mimeTypes))
 283 01c6 F040      		sbci r31,hi8(-(mimeTypes))
 284 01c8 8281      		ldd r24,Z+2
 285 01ca 9381      		ldd r25,Z+3
GAS LISTING C:/Users/MICHEL~1/AppData/Local/Temp/ccWG8Fhh.s 			page 6


 286 01cc 00C0      		rjmp .L56
 287               	.L57:
 288 01ce 86E0      		ldi r24,lo8(6)
 289 01d0 90E0      		ldi r25,hi8(6)
 290 01d2 C80E      		add r12,r24
 291 01d4 D91E      		adc r13,r25
 292 01d6 FD01      		movw r30,r26
 293 01d8 0190      		ld __tmp_reg__,Z+
 294 01da 0020      		tst __tmp_reg__
 295 01dc 01F4      		brne .-6
 296 01de 3197      		sbiw r30,1
 297 01e0 EA1B      		sub r30,r26
 298 01e2 FB0B      		sbc r31,r27
 299 01e4 CE01      		movw r24,r28
 300 01e6 8E1B      		sub r24,r30
 301 01e8 9F0B      		sbc r25,r31
 302 01ea BD01      		movw r22,r26
 303 01ec 800F      		add r24,r16
 304 01ee 911F      		adc r25,r17
 305 01f0 0E94 0000 		call strcasecmp
 306 01f4 892B      		or r24,r25
 307 01f6 01F0      		breq .L62
 308 01f8 0894      		sec
 309 01fa E11C      		adc r14,__zero_reg__
 310 01fc F11C      		adc r15,__zero_reg__
 311               	.L55:
 312 01fe F601      		movw r30,r12
 313 0200 A081      		ld r26,Z
 314 0202 B181      		ldd r27,Z+1
 315 0204 1097      		sbiw r26,0
 316 0206 01F4      		brne .L57
 317 0208 8091 0000 		lds r24,mimeTypes+2
 318 020c 9091 0000 		lds r25,(mimeTypes+2)+1
 319               	.L56:
 320               	/* epilogue: frame size=0 */
 321 0210 DF91      		pop r29
 322 0212 CF91      		pop r28
 323 0214 1F91      		pop r17
 324 0216 0F91      		pop r16
 325 0218 FF90      		pop r15
 326 021a EF90      		pop r14
 327 021c DF90      		pop r13
 328 021e CF90      		pop r12
 329 0220 0895      		ret
 330               	/* epilogue end (size=9) */
 331               	/* function NutGetMimeType size 86 (69) */
 332               		.size	NutGetMimeType, .-NutGetMimeType
 333               		.type	HeaderFieldValue, @function
 334               	HeaderFieldValue:
 335               	/* prologue: frame size=0 */
 336 0222 0F93      		push r16
 337 0224 1F93      		push r17
 338 0226 CF93      		push r28
 339 0228 DF93      		push r29
 340               	/* prologue end (size=4) */
 341 022a 8C01      		movw r16,r24
 342 022c EB01      		movw r28,r22
GAS LISTING C:/Users/MICHEL~1/AppData/Local/Temp/ccWG8Fhh.s 			page 7


 343 022e FC01      		movw r30,r24
 344 0230 8081      		ld r24,Z
 345 0232 9181      		ldd r25,Z+1
 346 0234 892B      		or r24,r25
 347 0236 01F0      		breq .L73
 348 0238 00C0      		rjmp .L74
 349               	.L67:
 350 023a 2196      		adiw r28,1
 351               	.L73:
 352 023c 8881      		ld r24,Y
 353 023e 8032      		cpi r24,lo8(32)
 354 0240 01F0      		breq .L67
 355 0242 8930      		cpi r24,lo8(9)
 356 0244 01F0      		breq .L67
 357 0246 FE01      		movw r30,r28
 358 0248 0190      		ld __tmp_reg__,Z+
 359 024a 0020      		tst __tmp_reg__
 360 024c 01F4      		brne .-6
 361 024e CF01      		movw r24,r30
 362 0250 8C1B      		sub r24,r28
 363 0252 9D0B      		sbc r25,r29
 364 0254 0E94 0000 		call malloc
 365 0258 F801      		movw r30,r16
 366 025a 9183      		std Z+1,r25
 367 025c 8083      		st Z,r24
 368 025e 0097      		sbiw r24,0
 369 0260 01F4      		brne .L70
 370 0262 8FEF      		ldi r24,lo8(-1)
 371 0264 9FEF      		ldi r25,hi8(-1)
 372 0266 00C0      		rjmp .L66
 373               	.L70:
 374 0268 BE01      		movw r22,r28
 375 026a 0E94 0000 		call strcpy
 376               	.L74:
 377 026e 80E0      		ldi r24,lo8(0)
 378 0270 90E0      		ldi r25,hi8(0)
 379               	.L66:
 380               	/* epilogue: frame size=0 */
 381 0272 DF91      		pop r29
 382 0274 CF91      		pop r28
 383 0276 1F91      		pop r17
 384 0278 0F91      		pop r16
 385 027a 0895      		ret
 386               	/* epilogue end (size=5) */
 387               	/* function HeaderFieldValue size 45 (36) */
 388               		.size	HeaderFieldValue, .-HeaderFieldValue
 389               	.global	NutRegisterHttpRoot
 390               		.type	NutRegisterHttpRoot, @function
 391               	NutRegisterHttpRoot:
 392               	/* prologue: frame size=0 */
 393 027c CF93      		push r28
 394 027e DF93      		push r29
 395               	/* prologue end (size=2) */
 396 0280 EC01      		movw r28,r24
 397 0282 8091 0000 		lds r24,http_root
 398 0286 9091 0000 		lds r25,(http_root)+1
 399 028a 0097      		sbiw r24,0
GAS LISTING C:/Users/MICHEL~1/AppData/Local/Temp/ccWG8Fhh.s 			page 8


 400 028c 01F0      		breq .L76
 401 028e 0E94 0000 		call free
 402               	.L76:
 403 0292 2097      		sbiw r28,0
 404 0294 01F0      		breq .L78
 405 0296 FE01      		movw r30,r28
 406 0298 0190      		ld __tmp_reg__,Z+
 407 029a 0020      		tst __tmp_reg__
 408 029c 01F4      		brne .-6
 409 029e 3197      		sbiw r30,1
 410 02a0 EC1B      		sub r30,r28
 411 02a2 FD0B      		sbc r31,r29
 412 02a4 01F0      		breq .L78
 413 02a6 CF01      		movw r24,r30
 414 02a8 0196      		adiw r24,1
 415 02aa 0E94 0000 		call malloc
 416 02ae 9093 0000 		sts (http_root)+1,r25
 417 02b2 8093 0000 		sts http_root,r24
 418 02b6 0097      		sbiw r24,0
 419 02b8 01F4      		brne .L81
 420 02ba 8FEF      		ldi r24,lo8(-1)
 421 02bc 9FEF      		ldi r25,hi8(-1)
 422 02be 00C0      		rjmp .L83
 423               	.L81:
 424 02c0 BE01      		movw r22,r28
 425 02c2 0E94 0000 		call strcpy
 426 02c6 00C0      		rjmp .L85
 427               	.L78:
 428 02c8 1092 0000 		sts (http_root)+1,__zero_reg__
 429 02cc 1092 0000 		sts http_root,__zero_reg__
 430               	.L85:
 431 02d0 80E0      		ldi r24,lo8(0)
 432 02d2 90E0      		ldi r25,hi8(0)
 433               	.L83:
 434               	/* epilogue: frame size=0 */
 435 02d4 DF91      		pop r29
 436 02d6 CF91      		pop r28
 437 02d8 0895      		ret
 438               	/* epilogue end (size=3) */
 439               	/* function NutRegisterHttpRoot size 48 (43) */
 440               		.size	NutRegisterHttpRoot, .-NutRegisterHttpRoot
 441               	.global	NutHttpURLDecode
 442               		.type	NutHttpURLDecode, @function
 443               	NutHttpURLDecode:
 444               	/* prologue: frame size=3 */
 445 02da CF92      		push r12
 446 02dc DF92      		push r13
 447 02de EF92      		push r14
 448 02e0 FF92      		push r15
 449 02e2 0F93      		push r16
 450 02e4 1F93      		push r17
 451 02e6 CF93      		push r28
 452 02e8 DF93      		push r29
 453 02ea CDB7      		in r28,__SP_L__
 454 02ec DEB7      		in r29,__SP_H__
 455 02ee 2397      		sbiw r28,3
 456 02f0 0FB6      		in __tmp_reg__,__SREG__
GAS LISTING C:/Users/MICHEL~1/AppData/Local/Temp/ccWG8Fhh.s 			page 9


 457 02f2 F894      		cli
 458 02f4 DEBF      		out __SP_H__,r29
 459 02f6 0FBE      		out __SREG__,__tmp_reg__
 460 02f8 CDBF      		out __SP_L__,r28
 461               	/* prologue end (size=16) */
 462 02fa DE01      		movw r26,r28
 463 02fc 1196      		adiw r26,1
 464 02fe E0E0      		ldi r30,lo8(C.5.2221)
 465 0300 F0E0      		ldi r31,hi8(C.5.2221)
 466 0302 23E0      		ldi r18,lo8(3)
 467               	.L87:
 468 0304 0190      		ld r0,Z+
 469 0306 0D92      		st X+,r0
 470 0308 2150      		subi r18,lo8(-(-1))
 471 030a 01F4      		brne .L87
 472 030c 8C01      		movw r16,r24
 473 030e 7C01      		movw r14,r24
 474 0310 00C0      		rjmp .L88
 475               	.L89:
 476 0312 8B32      		cpi r24,lo8(43)
 477 0314 01F4      		brne .L90
 478 0316 80E2      		ldi r24,lo8(32)
 479 0318 F801      		movw r30,r16
 480 031a 8193      		st Z+,r24
 481 031c 8F01      		movw r16,r30
 482 031e 00C0      		rjmp .L92
 483               	.L90:
 484 0320 6801      		movw r12,r16
 485 0322 0894      		sec
 486 0324 C11C      		adc r12,__zero_reg__
 487 0326 D11C      		adc r13,__zero_reg__
 488 0328 8532      		cpi r24,lo8(37)
 489 032a 01F4      		brne .L93
 490 032c F701      		movw r30,r14
 491 032e 8181      		ldd r24,Z+1
 492 0330 8983      		std Y+1,r24
 493 0332 82E0      		ldi r24,lo8(2)
 494 0334 90E0      		ldi r25,hi8(2)
 495 0336 E80E      		add r14,r24
 496 0338 F91E      		adc r15,r25
 497 033a F701      		movw r30,r14
 498 033c 8081      		ld r24,Z
 499 033e 8A83      		std Y+2,r24
 500 0340 40E1      		ldi r20,lo8(16)
 501 0342 50E0      		ldi r21,hi8(16)
 502 0344 60E0      		ldi r22,lo8(0)
 503 0346 70E0      		ldi r23,hi8(0)
 504 0348 CE01      		movw r24,r28
 505 034a 0196      		adiw r24,1
 506 034c 0E94 0000 		call strtol
 507 0350 F801      		movw r30,r16
 508 0352 6083      		st Z,r22
 509 0354 00C0      		rjmp .L99
 510               	.L93:
 511 0356 F801      		movw r30,r16
 512 0358 8083      		st Z,r24
 513               	.L99:
GAS LISTING C:/Users/MICHEL~1/AppData/Local/Temp/ccWG8Fhh.s 			page 10


 514 035a 8601      		movw r16,r12
 515               	.L92:
 516 035c 0894      		sec
 517 035e E11C      		adc r14,__zero_reg__
 518 0360 F11C      		adc r15,__zero_reg__
 519               	.L88:
 520 0362 F701      		movw r30,r14
 521 0364 8081      		ld r24,Z
 522 0366 8823      		tst r24
 523 0368 01F4      		brne .L89
 524 036a F801      		movw r30,r16
 525 036c 1082      		st Z,__zero_reg__
 526               	/* epilogue: frame size=3 */
 527 036e 2396      		adiw r28,3
 528 0370 0FB6      		in __tmp_reg__,__SREG__
 529 0372 F894      		cli
 530 0374 DEBF      		out __SP_H__,r29
 531 0376 0FBE      		out __SREG__,__tmp_reg__
 532 0378 CDBF      		out __SP_L__,r28
 533 037a DF91      		pop r29
 534 037c CF91      		pop r28
 535 037e 1F91      		pop r17
 536 0380 0F91      		pop r16
 537 0382 FF90      		pop r15
 538 0384 EF90      		pop r14
 539 0386 DF90      		pop r13
 540 0388 CF90      		pop r12
 541 038a 0895      		ret
 542               	/* epilogue end (size=15) */
 543               	/* function NutHttpURLDecode size 90 (59) */
 544               		.size	NutHttpURLDecode, .-NutHttpURLDecode
 545               	.global	NutHttpProcessQueryString
 546               		.type	NutHttpProcessQueryString, @function
 547               	NutHttpProcessQueryString:
 548               	/* prologue: frame size=0 */
 549 038c EF92      		push r14
 550 038e FF92      		push r15
 551 0390 0F93      		push r16
 552 0392 1F93      		push r17
 553 0394 CF93      		push r28
 554 0396 DF93      		push r29
 555               	/* prologue end (size=6) */
 556 0398 EC01      		movw r28,r24
 557 039a 2A85      		ldd r18,Y+10
 558 039c 3B85      		ldd r19,Y+11
 559 039e 2115      		cp r18,__zero_reg__
 560 03a0 3105      		cpc r19,__zero_reg__
 561 03a2 01F4      		brne .+2
 562 03a4 00C0      		rjmp .L122
 563 03a6 81E0      		ldi r24,lo8(1)
 564 03a8 90E0      		ldi r25,hi8(1)
 565 03aa 9F8B      		std Y+23,r25
 566 03ac 8E8B      		std Y+22,r24
 567 03ae F901      		movw r30,r18
 568 03b0 00C0      		rjmp .L103
 569               	.L104:
 570 03b2 8632      		cpi r24,lo8(38)
GAS LISTING C:/Users/MICHEL~1/AppData/Local/Temp/ccWG8Fhh.s 			page 11


 571 03b4 01F4      		brne .L105
 572 03b6 8E89      		ldd r24,Y+22
 573 03b8 9F89      		ldd r25,Y+23
 574 03ba 0196      		adiw r24,1
 575 03bc 9F8B      		std Y+23,r25
 576 03be 8E8B      		std Y+22,r24
 577               	.L105:
 578 03c0 3196      		adiw r30,1
 579               	.L103:
 580 03c2 8081      		ld r24,Z
 581 03c4 8823      		tst r24
 582 03c6 01F4      		brne .L104
 583 03c8 8E89      		ldd r24,Y+22
 584 03ca 9F89      		ldd r25,Y+23
 585 03cc 880F      		lsl r24
 586 03ce 991F      		rol r25
 587 03d0 880F      		lsl r24
 588 03d2 991F      		rol r25
 589 03d4 0E94 0000 		call malloc
 590 03d8 FC01      		movw r30,r24
 591 03da 9D8B      		std Y+21,r25
 592 03dc 8C8B      		std Y+20,r24
 593 03de 892B      		or r24,r25
 594 03e0 01F4      		brne .L108
 595 03e2 1F8A      		std Y+23,__zero_reg__
 596 03e4 1E8A      		std Y+22,__zero_reg__
 597 03e6 00C0      		rjmp .L122
 598               	.L108:
 599 03e8 AA85      		ldd r26,Y+10
 600 03ea BB85      		ldd r27,Y+11
 601 03ec B183      		std Z+1,r27
 602 03ee A083      		st Z,r26
 603 03f0 1382      		std Z+3,__zero_reg__
 604 03f2 1282      		std Z+2,__zero_reg__
 605 03f4 24E0      		ldi r18,lo8(4)
 606 03f6 30E0      		ldi r19,hi8(4)
 607 03f8 00C0      		rjmp .L110
 608               	.L111:
 609 03fa 8632      		cpi r24,lo8(38)
 610 03fc 01F4      		brne .L112
 611 03fe EC89      		ldd r30,Y+20
 612 0400 FD89      		ldd r31,Y+21
 613 0402 E20F      		add r30,r18
 614 0404 F31F      		adc r31,r19
 615 0406 1196      		adiw r26,1
 616 0408 B183      		std Z+1,r27
 617 040a A083      		st Z,r26
 618 040c 1382      		std Z+3,__zero_reg__
 619 040e 1282      		std Z+2,__zero_reg__
 620 0410 1E92      		st -X,__zero_reg__
 621 0412 2C5F      		subi r18,lo8(-(4))
 622 0414 3F4F      		sbci r19,hi8(-(4))
 623               	.L112:
 624 0416 1196      		adiw r26,1
 625               	.L110:
 626 0418 8C91      		ld r24,X
 627 041a 8823      		tst r24
GAS LISTING C:/Users/MICHEL~1/AppData/Local/Temp/ccWG8Fhh.s 			page 12


 628 041c 01F4      		brne .L111
 629 041e EE24      		clr r14
 630 0420 FF24      		clr r15
 631 0422 00E0      		ldi r16,lo8(0)
 632 0424 10E0      		ldi r17,hi8(0)
 633 0426 00C0      		rjmp .L115
 634               	.L123:
 635 0428 FD01      		movw r30,r26
 636 042a 9383      		std Z+3,r25
 637 042c 8283      		std Z+2,r24
 638 042e FA01      		movw r30,r20
 639 0430 1082      		st Z,__zero_reg__
 640 0432 EC89      		ldd r30,Y+20
 641 0434 FD89      		ldd r31,Y+21
 642 0436 E00F      		add r30,r16
 643 0438 F11F      		adc r31,r17
 644 043a 8281      		ldd r24,Z+2
 645 043c 9381      		ldd r25,Z+3
 646 043e 0E94 0000 		call NutHttpURLDecode
 647 0442 00C0      		rjmp .L121
 648               	.L116:
 649 0444 AC89      		ldd r26,Y+20
 650 0446 BD89      		ldd r27,Y+21
 651 0448 A00F      		add r26,r16
 652 044a B11F      		adc r27,r17
 653 044c 4D91      		ld r20,X+
 654 044e 5C91      		ld r21,X
 655 0450 1197      		sbiw r26,1
 656 0452 00C0      		rjmp .L117
 657               	.L118:
 658 0454 CA01      		movw r24,r20
 659 0456 0196      		adiw r24,1
 660 0458 2D33      		cpi r18,lo8(61)
 661 045a 01F0      		breq .L123
 662 045c AC01      		movw r20,r24
 663               	.L117:
 664 045e FA01      		movw r30,r20
 665 0460 2081      		ld r18,Z
 666 0462 2223      		tst r18
 667 0464 01F4      		brne .L118
 668               	.L121:
 669 0466 EC89      		ldd r30,Y+20
 670 0468 FD89      		ldd r31,Y+21
 671 046a E00F      		add r30,r16
 672 046c F11F      		adc r31,r17
 673 046e 8081      		ld r24,Z
 674 0470 9181      		ldd r25,Z+1
 675 0472 0E94 0000 		call NutHttpURLDecode
 676 0476 0894      		sec
 677 0478 E11C      		adc r14,__zero_reg__
 678 047a F11C      		adc r15,__zero_reg__
 679 047c 0C5F      		subi r16,lo8(-(4))
 680 047e 1F4F      		sbci r17,hi8(-(4))
 681               	.L115:
 682 0480 8E89      		ldd r24,Y+22
 683 0482 9F89      		ldd r25,Y+23
 684 0484 E816      		cp r14,r24
GAS LISTING C:/Users/MICHEL~1/AppData/Local/Temp/ccWG8Fhh.s 			page 13


 685 0486 F906      		cpc r15,r25
 686 0488 04F0      		brlt .L116
 687               	.L122:
 688               	/* epilogue: frame size=0 */
 689 048a DF91      		pop r29
 690 048c CF91      		pop r28
 691 048e 1F91      		pop r17
 692 0490 0F91      		pop r16
 693 0492 FF90      		pop r15
 694 0494 EF90      		pop r14
 695 0496 0895      		ret
 696               	/* epilogue end (size=7) */
 697               	/* function NutHttpProcessQueryString size 134 (121) */
 698               		.size	NutHttpProcessQueryString, .-NutHttpProcessQueryString
 699               	.global	NutHttpSendHeaderBottom
 700               		.type	NutHttpSendHeaderBottom, @function
 701               	NutHttpSendHeaderBottom:
 702               	/* prologue: frame size=0 */
 703 0498 CF92      		push r12
 704 049a DF92      		push r13
 705 049c EF92      		push r14
 706 049e FF92      		push r15
 707 04a0 0F93      		push r16
 708 04a2 1F93      		push r17
 709 04a4 CF93      		push r28
 710 04a6 DF93      		push r29
 711               	/* prologue end (size=8) */
 712 04a8 EC01      		movw r28,r24
 713 04aa 6B01      		movw r12,r22
 714 04ac 7801      		movw r14,r16
 715 04ae 8901      		movw r16,r18
 716 04b0 4115      		cp r20,__zero_reg__
 717 04b2 5105      		cpc r21,__zero_reg__
 718 04b4 01F0      		breq .L125
 719 04b6 5F93      		push r21
 720 04b8 4F93      		push r20
 721 04ba 80E0      		ldi r24,lo8(typ_fmt_P.2147)
 722 04bc 90E0      		ldi r25,hi8(typ_fmt_P.2147)
 723 04be 9F93      		push r25
 724 04c0 8F93      		push r24
 725 04c2 DF93      		push r29
 726 04c4 CF93      		push r28
 727 04c6 0E94 0000 		call fprintf_P
 728 04ca 8DB7      		in r24,__SP_L__
 729 04cc 9EB7      		in r25,__SP_H__
 730 04ce 0696      		adiw r24,6
 731 04d0 0FB6      		in __tmp_reg__,__SREG__
 732 04d2 F894      		cli
 733 04d4 9EBF      		out __SP_H__,r25
 734 04d6 0FBE      		out __SREG__,__tmp_reg__
 735 04d8 8DBF      		out __SP_L__,r24
 736               	.L125:
 737 04da 17FD      		sbrc r17,7
 738 04dc 00C0      		rjmp .L127
 739 04de 1F93      		push r17
 740 04e0 0F93      		push r16
 741 04e2 FF92      		push r15
GAS LISTING C:/Users/MICHEL~1/AppData/Local/Temp/ccWG8Fhh.s 			page 14


 742 04e4 EF92      		push r14
 743 04e6 80E0      		ldi r24,lo8(len_fmt_P.2148)
 744 04e8 90E0      		ldi r25,hi8(len_fmt_P.2148)
 745 04ea 9F93      		push r25
 746 04ec 8F93      		push r24
 747 04ee DF93      		push r29
 748 04f0 CF93      		push r28
 749 04f2 0E94 0000 		call fprintf_P
 750 04f6 EDB7      		in r30,__SP_L__
 751 04f8 FEB7      		in r31,__SP_H__
 752 04fa 3896      		adiw r30,8
 753 04fc 0FB6      		in __tmp_reg__,__SREG__
 754 04fe F894      		cli
 755 0500 FEBF      		out __SP_H__,r31
 756 0502 0FBE      		out __SREG__,__tmp_reg__
 757 0504 EDBF      		out __SP_L__,r30
 758               	.L127:
 759 0506 BE01      		movw r22,r28
 760 0508 80E0      		ldi r24,lo8(con_str_P.2149)
 761 050a 90E0      		ldi r25,hi8(con_str_P.2149)
 762 050c 0E94 0000 		call fputs_P
 763 0510 F601      		movw r30,r12
 764 0512 80A1      		ldd r24,Z+32
 765 0514 91A1      		ldd r25,Z+33
 766 0516 0297      		sbiw r24,2
 767 0518 01F4      		brne .L129
 768 051a BE01      		movw r22,r28
 769 051c 80E0      		ldi r24,lo8(cka_str_P.2151)
 770 051e 90E0      		ldi r25,hi8(cka_str_P.2151)
 771 0520 00C0      		rjmp .L133
 772               	.L129:
 773 0522 BE01      		movw r22,r28
 774 0524 80E0      		ldi r24,lo8(ccl_str_P.2150)
 775 0526 90E0      		ldi r25,hi8(ccl_str_P.2150)
 776               	.L133:
 777 0528 0E94 0000 		call fputs_P
 778               	/* epilogue: frame size=0 */
 779 052c DF91      		pop r29
 780 052e CF91      		pop r28
 781 0530 1F91      		pop r17
 782 0532 0F91      		pop r16
 783 0534 FF90      		pop r15
 784 0536 EF90      		pop r14
 785 0538 DF90      		pop r13
 786 053a CF90      		pop r12
 787 053c 0895      		ret
 788               	/* epilogue end (size=9) */
 789               	/* function NutHttpSendHeaderBottom size 84 (67) */
 790               		.size	NutHttpSendHeaderBottom, .-NutHttpSendHeaderBottom
 791               		.data
 792               	.LC0:
 793 0000 0D0A 00   		.string	"\r\n"
 794               		.text
 795               	.global	NutHttpSendHeaderBot
 796               		.type	NutHttpSendHeaderBot, @function
 797               	NutHttpSendHeaderBot:
 798               	/* prologue: frame size=0 */
GAS LISTING C:/Users/MICHEL~1/AppData/Local/Temp/ccWG8Fhh.s 			page 15


 799 053e EF92      		push r14
 800 0540 FF92      		push r15
 801 0542 0F93      		push r16
 802 0544 1F93      		push r17
 803 0546 CF93      		push r28
 804 0548 DF93      		push r29
 805               	/* prologue end (size=6) */
 806 054a EC01      		movw r28,r24
 807 054c 7901      		movw r14,r18
 808 054e 8A01      		movw r16,r20
 809 0550 6115      		cp r22,__zero_reg__
 810 0552 7105      		cpc r23,__zero_reg__
 811 0554 01F0      		breq .L135
 812 0556 7F93      		push r23
 813 0558 6F93      		push r22
 814 055a 80E0      		ldi r24,lo8(typ_fmt_P.2139)
 815 055c 90E0      		ldi r25,hi8(typ_fmt_P.2139)
 816 055e 9F93      		push r25
 817 0560 8F93      		push r24
 818 0562 DF93      		push r29
 819 0564 CF93      		push r28
 820 0566 0E94 0000 		call fprintf_P
 821 056a 8DB7      		in r24,__SP_L__
 822 056c 9EB7      		in r25,__SP_H__
 823 056e 0696      		adiw r24,6
 824 0570 0FB6      		in __tmp_reg__,__SREG__
 825 0572 F894      		cli
 826 0574 9EBF      		out __SP_H__,r25
 827 0576 0FBE      		out __SREG__,__tmp_reg__
 828 0578 8DBF      		out __SP_L__,r24
 829               	.L135:
 830 057a 17FD      		sbrc r17,7
 831 057c 00C0      		rjmp .L137
 832 057e 1F93      		push r17
 833 0580 0F93      		push r16
 834 0582 FF92      		push r15
 835 0584 EF92      		push r14
 836 0586 80E0      		ldi r24,lo8(len_fmt_P.2140)
 837 0588 90E0      		ldi r25,hi8(len_fmt_P.2140)
 838 058a 9F93      		push r25
 839 058c 8F93      		push r24
 840 058e DF93      		push r29
 841 0590 CF93      		push r28
 842 0592 0E94 0000 		call fprintf_P
 843 0596 8DB7      		in r24,__SP_L__
 844 0598 9EB7      		in r25,__SP_H__
 845 059a 0896      		adiw r24,8
 846 059c 0FB6      		in __tmp_reg__,__SREG__
 847 059e F894      		cli
 848 05a0 9EBF      		out __SP_H__,r25
 849 05a2 0FBE      		out __SREG__,__tmp_reg__
 850 05a4 8DBF      		out __SP_L__,r24
 851               	.L137:
 852 05a6 BE01      		movw r22,r28
 853 05a8 80E0      		ldi r24,lo8(.LC0)
 854 05aa 90E0      		ldi r25,hi8(.LC0)
 855 05ac 0E94 0000 		call fputs
GAS LISTING C:/Users/MICHEL~1/AppData/Local/Temp/ccWG8Fhh.s 			page 16


 856               	/* epilogue: frame size=0 */
 857 05b0 DF91      		pop r29
 858 05b2 CF91      		pop r28
 859 05b4 1F91      		pop r17
 860 05b6 0F91      		pop r16
 861 05b8 FF90      		pop r15
 862 05ba EF90      		pop r14
 863 05bc 0895      		ret
 864               	/* epilogue end (size=7) */
 865               	/* function NutHttpSendHeaderBot size 64 (51) */
 866               		.size	NutHttpSendHeaderBot, .-NutHttpSendHeaderBot
 867               		.data
 868               	.LC1:
 869 0003 4461 7465 		.string	"Date: %s GMT\r\n"
 869      3A20 2573 
 869      2047 4D54 
 869      0D0A 00
 870               		.text
 871               	.global	NutHttpSendHeaderTop
 872               		.type	NutHttpSendHeaderTop, @function
 873               	NutHttpSendHeaderTop:
 874               	/* prologue: frame size=4 */
 875 05be CF92      		push r12
 876 05c0 DF92      		push r13
 877 05c2 EF92      		push r14
 878 05c4 FF92      		push r15
 879 05c6 0F93      		push r16
 880 05c8 1F93      		push r17
 881 05ca CF93      		push r28
 882 05cc DF93      		push r29
 883 05ce CDB7      		in r28,__SP_L__
 884 05d0 DEB7      		in r29,__SP_H__
 885 05d2 2497      		sbiw r28,4
 886 05d4 0FB6      		in __tmp_reg__,__SREG__
 887 05d6 F894      		cli
 888 05d8 DEBF      		out __SP_H__,r29
 889 05da 0FBE      		out __SREG__,__tmp_reg__
 890 05dc CDBF      		out __SP_L__,r28
 891               	/* prologue end (size=16) */
 892 05de 6C01      		movw r12,r24
 893 05e0 7A01      		movw r14,r20
 894 05e2 8901      		movw r16,r18
 895 05e4 0E94 0000 		call NutVersionString
 896 05e8 9F93      		push r25
 897 05ea 8F93      		push r24
 898 05ec 1F93      		push r17
 899 05ee 0F93      		push r16
 900 05f0 FF92      		push r15
 901 05f2 EF92      		push r14
 902 05f4 81E0      		ldi r24,lo8(1)
 903 05f6 90E0      		ldi r25,hi8(1)
 904 05f8 9F93      		push r25
 905 05fa 8F93      		push r24
 906 05fc 9F93      		push r25
 907 05fe 8F93      		push r24
 908 0600 80E0      		ldi r24,lo8(fmt_P.2125)
 909 0602 90E0      		ldi r25,hi8(fmt_P.2125)
GAS LISTING C:/Users/MICHEL~1/AppData/Local/Temp/ccWG8Fhh.s 			page 17


 910 0604 9F93      		push r25
 911 0606 8F93      		push r24
 912 0608 DF92      		push r13
 913 060a CF92      		push r12
 914 060c 0E94 0000 		call fprintf_P
 915 0610 8091 0000 		lds r24,http_optflags
 916 0614 9091 0000 		lds r25,(http_optflags)+1
 917 0618 A091 0000 		lds r26,(http_optflags)+2
 918 061c B091 0000 		lds r27,(http_optflags)+3
 919 0620 2DB7      		in r18,__SP_L__
 920 0622 3EB7      		in r19,__SP_H__
 921 0624 225F      		subi r18,lo8(-(14))
 922 0626 3F4F      		sbci r19,hi8(-(14))
 923 0628 0FB6      		in __tmp_reg__,__SREG__
 924 062a F894      		cli
 925 062c 3EBF      		out __SP_H__,r19
 926 062e 0FBE      		out __SREG__,__tmp_reg__
 927 0630 2DBF      		out __SP_L__,r18
 928 0632 80FF      		sbrs r24,0
 929 0634 00C0      		rjmp .L143
 930 0636 80E0      		ldi r24,lo8(0)
 931 0638 90E0      		ldi r25,hi8(0)
 932 063a 0E94 0000 		call time
 933 063e 6983      		std Y+1,r22
 934 0640 7A83      		std Y+2,r23
 935 0642 8B83      		std Y+3,r24
 936 0644 9C83      		std Y+4,r25
 937 0646 CE01      		movw r24,r28
 938 0648 0196      		adiw r24,1
 939 064a 0E94 0000 		call gmtime
 940 064e 0E94 0000 		call Rfc1123TimeString
 941 0652 9F93      		push r25
 942 0654 8F93      		push r24
 943 0656 80E0      		ldi r24,lo8(.LC1)
 944 0658 90E0      		ldi r25,hi8(.LC1)
 945 065a 9F93      		push r25
 946 065c 8F93      		push r24
 947 065e DF92      		push r13
 948 0660 CF92      		push r12
 949 0662 0E94 0000 		call fprintf
 950 0666 8DB7      		in r24,__SP_L__
 951 0668 9EB7      		in r25,__SP_H__
 952 066a 0696      		adiw r24,6
 953 066c 0FB6      		in __tmp_reg__,__SREG__
 954 066e F894      		cli
 955 0670 9EBF      		out __SP_H__,r25
 956 0672 0FBE      		out __SREG__,__tmp_reg__
 957 0674 8DBF      		out __SP_L__,r24
 958               	.L143:
 959               	/* epilogue: frame size=4 */
 960 0676 2496      		adiw r28,4
 961 0678 0FB6      		in __tmp_reg__,__SREG__
 962 067a F894      		cli
 963 067c DEBF      		out __SP_H__,r29
 964 067e 0FBE      		out __SREG__,__tmp_reg__
 965 0680 CDBF      		out __SP_L__,r28
 966 0682 DF91      		pop r29
GAS LISTING C:/Users/MICHEL~1/AppData/Local/Temp/ccWG8Fhh.s 			page 18


 967 0684 CF91      		pop r28
 968 0686 1F91      		pop r17
 969 0688 0F91      		pop r16
 970 068a FF90      		pop r15
 971 068c EF90      		pop r14
 972 068e DF90      		pop r13
 973 0690 CF90      		pop r12
 974 0692 0895      		ret
 975               	/* epilogue end (size=15) */
 976               	/* function NutHttpSendHeaderTop size 107 (76) */
 977               		.size	NutHttpSendHeaderTop, .-NutHttpSendHeaderTop
 978               		.data
 979               	.LC2:
 980 0012 4261 6420 		.string	"Bad Request"
 980      5265 7175 
 980      6573 7400 
 981               	.LC3:
 982 001e 556E 6175 		.string	"Unauthorized"
 982      7468 6F72 
 982      697A 6564 
 982      00
 983               	.LC4:
 984 002b 4E6F 7420 		.string	"Not Found"
 984      466F 756E 
 984      6400 
 985               	.LC5:
 986 0035 496E 7465 		.string	"Internal Error"
 986      726E 616C 
 986      2045 7272 
 986      6F72 00
 987               	.LC6:
 988 0044 4572 726F 		.string	"Error"
 988      7200 
 989               	.LC7:
 990 004a 7465 7874 		.string	"text/html"
 990      2F68 746D 
 990      6C00 
 991               	.LC8:
 992 0054 4E6F 7420 		.string	"Not Implemented"
 992      496D 706C 
 992      656D 656E 
 992      7465 6400 
 993               	.LC9:
 994 0064 4E6F 7420 		.string	"Not Modified"
 994      4D6F 6469 
 994      6669 6564 
 994      00
 995               	.LC10:
 996 0071 2E00      		.string	"."
 997               		.text
 998               	.global	NutHttpSendError
 999               		.type	NutHttpSendError, @function
 1000               	NutHttpSendError:
 1001               	/* prologue: frame size=0 */
 1002 0694 8F92      		push r8
 1003 0696 9F92      		push r9
 1004 0698 AF92      		push r10
GAS LISTING C:/Users/MICHEL~1/AppData/Local/Temp/ccWG8Fhh.s 			page 19


 1005 069a BF92      		push r11
 1006 069c CF92      		push r12
 1007 069e DF92      		push r13
 1008 06a0 EF92      		push r14
 1009 06a2 FF92      		push r15
 1010 06a4 0F93      		push r16
 1011 06a6 1F93      		push r17
 1012 06a8 CF93      		push r28
 1013 06aa DF93      		push r29
 1014               	/* prologue end (size=12) */
 1015 06ac 5C01      		movw r10,r24
 1016 06ae 4B01      		movw r8,r22
 1017 06b0 7A01      		movw r14,r20
 1018 06b2 81E0      		ldi r24,hi8(401)
 1019 06b4 4139      		cpi r20,lo8(401)
 1020 06b6 5807      		cpc r21,r24
 1021 06b8 01F0      		breq .L148
 1022 06ba 91E0      		ldi r25,hi8(402)
 1023 06bc 4239      		cpi r20,lo8(402)
 1024 06be 5907      		cpc r21,r25
 1025 06c0 04F4      		brge .L152
 1026 06c2 E1E0      		ldi r30,hi8(304)
 1027 06c4 4033      		cpi r20,lo8(304)
 1028 06c6 5E07      		cpc r21,r30
 1029 06c8 01F4      		brne .+2
 1030 06ca 00C0      		rjmp .L146
 1031 06cc 4059      		subi r20,lo8(400)
 1032 06ce 5140      		sbci r21,hi8(400)
 1033 06d0 01F4      		brne .L145
 1034 06d2 00C0      		rjmp .L162
 1035               	.L152:
 1036 06d4 81E0      		ldi r24,hi8(500)
 1037 06d6 443F      		cpi r20,lo8(500)
 1038 06d8 5807      		cpc r21,r24
 1039 06da 01F0      		breq .L150
 1040 06dc 91E0      		ldi r25,hi8(501)
 1041 06de 453F      		cpi r20,lo8(501)
 1042 06e0 5907      		cpc r21,r25
 1043 06e2 01F4      		brne .+2
 1044 06e4 00C0      		rjmp .L151
 1045 06e6 4459      		subi r20,lo8(404)
 1046 06e8 5140      		sbci r21,hi8(404)
 1047 06ea 01F4      		brne .L145
 1048 06ec 00C0      		rjmp .L163
 1049               	.L162:
 1050 06ee 80E0      		ldi r24,lo8(.LC2)
 1051 06f0 C82E      		mov r12,r24
 1052 06f2 80E0      		ldi r24,hi8(.LC2)
 1053 06f4 D82E      		mov r13,r24
 1054 06f6 00C0      		rjmp .L153
 1055               	.L148:
 1056 06f8 00E0      		ldi r16,lo8(.LC3)
 1057 06fa C02E      		mov r12,r16
 1058 06fc 00E0      		ldi r16,hi8(.LC3)
 1059 06fe D02E      		mov r13,r16
 1060 0700 00C0      		rjmp .L153
 1061               	.L163:
GAS LISTING C:/Users/MICHEL~1/AppData/Local/Temp/ccWG8Fhh.s 			page 20


 1062 0702 10E0      		ldi r17,lo8(.LC4)
 1063 0704 C12E      		mov r12,r17
 1064 0706 10E0      		ldi r17,hi8(.LC4)
 1065 0708 D12E      		mov r13,r17
 1066 070a 00C0      		rjmp .L153
 1067               	.L150:
 1068 070c B0E0      		ldi r27,lo8(.LC5)
 1069 070e CB2E      		mov r12,r27
 1070 0710 B0E0      		ldi r27,hi8(.LC5)
 1071 0712 DB2E      		mov r13,r27
 1072 0714 00C0      		rjmp .L153
 1073               	.L145:
 1074 0716 F0E9      		ldi r31,lo8(400)
 1075 0718 EF16      		cp r14,r31
 1076 071a F1E0      		ldi r31,hi8(400)
 1077 071c FF06      		cpc r15,r31
 1078 071e 04F4      		brge .L154
 1079 0720 A0E0      		ldi r26,lo8(.LC6)
 1080 0722 CA2E      		mov r12,r26
 1081 0724 A0E0      		ldi r26,hi8(.LC6)
 1082 0726 DA2E      		mov r13,r26
 1083 0728 00C0      		rjmp .L156
 1084               	.L154:
 1085 072a F0E0      		ldi r31,lo8(.LC6)
 1086 072c CF2E      		mov r12,r31
 1087 072e F0E0      		ldi r31,hi8(.LC6)
 1088 0730 DF2E      		mov r13,r31
 1089               	.L153:
 1090 0732 81E0      		ldi r24,lo8(1)
 1091 0734 90E0      		ldi r25,hi8(1)
 1092 0736 F401      		movw r30,r8
 1093 0738 91A3      		std Z+33,r25
 1094 073a 80A3      		std Z+32,r24
 1095               	.L156:
 1096 073c 9601      		movw r18,r12
 1097 073e A701      		movw r20,r14
 1098 0740 B401      		movw r22,r8
 1099 0742 C501      		movw r24,r10
 1100 0744 0E94 0000 		call NutHttpSendHeaderTop
 1101 0748 F1E9      		ldi r31,lo8(401)
 1102 074a EF16      		cp r14,r31
 1103 074c F1E0      		ldi r31,hi8(401)
 1104 074e FF06      		cpc r15,r31
 1105 0750 01F4      		brne .L157
 1106 0752 F401      		movw r30,r8
 1107 0754 0085      		ldd r16,Z+8
 1108 0756 1185      		ldd r17,Z+9
 1109 0758 6FE2      		ldi r22,lo8(47)
 1110 075a 70E0      		ldi r23,hi8(47)
 1111 075c C801      		movw r24,r16
 1112 075e 0E94 0000 		call strrchr
 1113 0762 EC01      		movw r28,r24
 1114 0764 20E0      		ldi r18,lo8(auth_fmt_P.2159)
 1115 0766 30E0      		ldi r19,hi8(auth_fmt_P.2159)
 1116 0768 892B      		or r24,r25
 1117 076a 01F0      		breq .L159
 1118 076c 1882      		st Y,__zero_reg__
GAS LISTING C:/Users/MICHEL~1/AppData/Local/Temp/ccWG8Fhh.s 			page 21


 1119 076e 1F93      		push r17
 1120 0770 0F93      		push r16
 1121 0772 3F93      		push r19
 1122 0774 2F93      		push r18
 1123 0776 BF92      		push r11
 1124 0778 AF92      		push r10
 1125 077a 0E94 0000 		call fprintf_P
 1126 077e 8FE2      		ldi r24,lo8(47)
 1127 0780 8883      		st Y,r24
 1128 0782 00C0      		rjmp .L164
 1129               	.L151:
 1130 0784 E0E0      		ldi r30,lo8(.LC8)
 1131 0786 CE2E      		mov r12,r30
 1132 0788 E0E0      		ldi r30,hi8(.LC8)
 1133 078a DE2E      		mov r13,r30
 1134 078c 00C0      		rjmp .L153
 1135               	.L146:
 1136 078e 20E0      		ldi r18,lo8(.LC9)
 1137 0790 30E0      		ldi r19,hi8(.LC9)
 1138 0792 40E3      		ldi r20,lo8(304)
 1139 0794 51E0      		ldi r21,hi8(304)
 1140 0796 C501      		movw r24,r10
 1141 0798 0E94 0000 		call NutHttpSendHeaderTop
 1142 079c 70E0      		ldi r23,lo8(.LC9)
 1143 079e C72E      		mov r12,r23
 1144 07a0 70E0      		ldi r23,hi8(.LC9)
 1145 07a2 D72E      		mov r13,r23
 1146 07a4 00C0      		rjmp .L157
 1147               	.L159:
 1148 07a6 80E0      		ldi r24,lo8(.LC10)
 1149 07a8 90E0      		ldi r25,hi8(.LC10)
 1150 07aa 9F93      		push r25
 1151 07ac 8F93      		push r24
 1152 07ae 3F93      		push r19
 1153 07b0 2F93      		push r18
 1154 07b2 BF92      		push r11
 1155 07b4 AF92      		push r10
 1156 07b6 0E94 0000 		call fprintf_P
 1157               	.L164:
 1158 07ba 8DB7      		in r24,__SP_L__
 1159 07bc 9EB7      		in r25,__SP_H__
 1160 07be 0696      		adiw r24,6
 1161 07c0 0FB6      		in __tmp_reg__,__SREG__
 1162 07c2 F894      		cli
 1163 07c4 9EBF      		out __SP_H__,r25
 1164 07c6 0FBE      		out __SREG__,__tmp_reg__
 1165 07c8 8DBF      		out __SP_L__,r24
 1166               	.L157:
 1167 07ca 0FEF      		ldi r16,lo8(-1)
 1168 07cc 1FEF      		ldi r17,hi8(-1)
 1169 07ce 2FEF      		ldi r18,hlo8(-1)
 1170 07d0 3FEF      		ldi r19,hhi8(-1)
 1171 07d2 40E0      		ldi r20,lo8(.LC7)
 1172 07d4 50E0      		ldi r21,hi8(.LC7)
 1173 07d6 B401      		movw r22,r8
 1174 07d8 C501      		movw r24,r10
 1175 07da 0E94 0000 		call NutHttpSendHeaderBottom
GAS LISTING C:/Users/MICHEL~1/AppData/Local/Temp/ccWG8Fhh.s 			page 22


 1176 07de DF92      		push r13
 1177 07e0 CF92      		push r12
 1178 07e2 FF92      		push r15
 1179 07e4 EF92      		push r14
 1180 07e6 DF92      		push r13
 1181 07e8 CF92      		push r12
 1182 07ea FF92      		push r15
 1183 07ec EF92      		push r14
 1184 07ee 80E0      		ldi r24,lo8(err_fmt_P.2158)
 1185 07f0 90E0      		ldi r25,hi8(err_fmt_P.2158)
 1186 07f2 9F93      		push r25
 1187 07f4 8F93      		push r24
 1188 07f6 BF92      		push r11
 1189 07f8 AF92      		push r10
 1190 07fa 0E94 0000 		call fprintf_P
 1191 07fe EDB7      		in r30,__SP_L__
 1192 0800 FEB7      		in r31,__SP_H__
 1193 0802 3C96      		adiw r30,12
 1194 0804 0FB6      		in __tmp_reg__,__SREG__
 1195 0806 F894      		cli
 1196 0808 FEBF      		out __SP_H__,r31
 1197 080a 0FBE      		out __SREG__,__tmp_reg__
 1198 080c EDBF      		out __SP_L__,r30
 1199               	/* epilogue: frame size=0 */
 1200 080e DF91      		pop r29
 1201 0810 CF91      		pop r28
 1202 0812 1F91      		pop r17
 1203 0814 0F91      		pop r16
 1204 0816 FF90      		pop r15
 1205 0818 EF90      		pop r14
 1206 081a DF90      		pop r13
 1207 081c CF90      		pop r12
 1208 081e BF90      		pop r11
 1209 0820 AF90      		pop r10
 1210 0822 9F90      		pop r9
 1211 0824 8F90      		pop r8
 1212 0826 0895      		ret
 1213               	/* epilogue end (size=13) */
 1214               	/* function NutHttpSendError size 204 (179) */
 1215               		.size	NutHttpSendError, .-NutHttpSendError
 1216               		.data
 1217               	.LC11:
 1218 0073 4175 7468 		.string	"Authorization:"
 1218      6F72 697A 
 1218      6174 696F 
 1218      6E3A 00
 1219               	.LC12:
 1220 0082 436F 6E74 		.string	"Content-Length:"
 1220      656E 742D 
 1220      4C65 6E67 
 1220      7468 3A00 
 1221               	.LC13:
 1222 0092 436F 6E74 		.string	"Content-Type:"
 1222      656E 742D 
 1222      5479 7065 
 1222      3A00 
 1223               	.LC14:
GAS LISTING C:/Users/MICHEL~1/AppData/Local/Temp/ccWG8Fhh.s 			page 23


 1224 00a0 436F 6F6B 		.string	"Cookie:"
 1224      6965 3A00 
 1225               	.LC15:
 1226 00a8 5573 6572 		.string	"User-Agent:"
 1226      2D41 6765 
 1226      6E74 3A00 
 1227               	.LC16:
 1228 00b4 4966 2D4D 		.string	"If-Modified-Since:"
 1228      6F64 6966 
 1228      6965 642D 
 1228      5369 6E63 
 1228      653A 00
 1229               	.LC17:
 1230 00c7 5265 6665 		.string	"Referer:"
 1230      7265 723A 
 1230      00
 1231               	.LC18:
 1232 00d0 486F 7374 		.string	"Host:"
 1232      3A00 
 1233               	.LC19:
 1234 00d6 436F 6E6E 		.string	"Connection:"
 1234      6563 7469 
 1234      6F6E 3A00 
 1235               	.LC20:
 1236 00e2 636C 6F73 		.string	"close"
 1236      6500 
 1237               	.LC21:
 1238 00e8 4B65 6570 		.string	"Keep-Alive"
 1238      2D41 6C69 
 1238      7665 00
 1239               	.LC22:
 1240 00f3 4745 5400 		.string	"GET"
 1241               	.LC23:
 1242 00f7 4845 4144 		.string	"HEAD"
 1242      00
 1243               	.LC24:
 1244 00fc 504F 5354 		.string	"POST"
 1244      00
 1245               	.LC25:
 1246 0101 4854 5450 		.string	"HTTP/1.0"
 1246      2F31 2E30 
 1246      00
 1247               	.LC26:
 1248 010a 6367 692D 		.string	"cgi-bin/"
 1248      6269 6E2F 
 1248      00
 1249               	.LC27:
 1250 0113 5552 4F4D 		.string	"UROM:"
 1250      3A00 
 1251               	.LC28:
 1252 0119 5552 4F4D 		.string	"UROM:html/example.txt"
 1252      3A68 746D 
 1252      6C2F 6578 
 1252      616D 706C 
 1252      652E 7478 
 1253               	.LC29:
 1254 012f 4672 6920 		.string	"Fri Feb 28 2012 15:32:53"
GAS LISTING C:/Users/MICHEL~1/AppData/Local/Temp/ccWG8Fhh.s 			page 24


 1254      4665 6220 
 1254      3238 2032 
 1254      3031 3220 
 1254      3135 3A33 
 1255               	.LC30:
 1256 0148 4F6B 00   		.string	"Ok"
 1257               	.LC31:
 1258 014b 4C61 7374 		.string	"Last-Modified: %s GMT\r\n"
 1258      2D4D 6F64 
 1258      6966 6965 
 1258      643A 2025 
 1258      7320 474D 
 1259               	.LC32:
 1260 0163 7572 6F6D 		.string	"urom:"
 1260      3A00 
 1261               		.text
 1262               	.global	NutHttpProcessRequest
 1263               		.type	NutHttpProcessRequest, @function
 1264               	NutHttpProcessRequest:
 1265               	/* prologue: frame size=23 */
 1266 0828 2F92      		push r2
 1267 082a 3F92      		push r3
 1268 082c 4F92      		push r4
 1269 082e 5F92      		push r5
 1270 0830 6F92      		push r6
 1271 0832 7F92      		push r7
 1272 0834 8F92      		push r8
 1273 0836 9F92      		push r9
 1274 0838 AF92      		push r10
 1275 083a BF92      		push r11
 1276 083c CF92      		push r12
 1277 083e DF92      		push r13
 1278 0840 EF92      		push r14
 1279 0842 FF92      		push r15
 1280 0844 0F93      		push r16
 1281 0846 1F93      		push r17
 1282 0848 CF93      		push r28
 1283 084a DF93      		push r29
 1284 084c CDB7      		in r28,__SP_L__
 1285 084e DEB7      		in r29,__SP_H__
 1286 0850 6797      		sbiw r28,23
 1287 0852 0FB6      		in __tmp_reg__,__SREG__
 1288 0854 F894      		cli
 1289 0856 DEBF      		out __SP_H__,r29
 1290 0858 0FBE      		out __SREG__,__tmp_reg__
 1291 085a CDBF      		out __SP_L__,r28
 1292               	/* prologue end (size=26) */
 1293 085c 2C01      		movw r4,r24
 1294 085e 1F8A      		std Y+23,__zero_reg__
 1295 0860 1E8A      		std Y+22,__zero_reg__
 1296 0862 1D8A      		std Y+21,__zero_reg__
 1297 0864 1C8A      		std Y+20,__zero_reg__
 1298 0866 85E0      		ldi r24,lo8(5)
 1299 0868 90E0      		ldi r25,hi8(5)
 1300 086a 9B8B      		std Y+19,r25
 1301 086c 8A8B      		std Y+18,r24
 1302               	.L166:
GAS LISTING C:/Users/MICHEL~1/AppData/Local/Temp/ccWG8Fhh.s 			page 25


 1303 086e 8E89      		ldd r24,Y+22
 1304 0870 9F89      		ldd r25,Y+23
 1305 0872 0E94 0000 		call DestroyRequestInfo
 1306 0876 82E2      		ldi r24,lo8(34)
 1307 0878 90E0      		ldi r25,hi8(34)
 1308 087a 0E94 0000 		call malloc
 1309 087e 4C01      		movw r8,r24
 1310 0880 9F8B      		std Y+23,r25
 1311 0882 8E8B      		std Y+22,r24
 1312 0884 892B      		or r24,r25
 1313 0886 01F0      		breq .L167
 1314 0888 82E2      		ldi r24,lo8(34)
 1315 088a F401      		movw r30,r8
 1316 088c 1192      		st Z+,__zero_reg__
 1317 088e 8A95      	        dec r24
 1318 0890 01F4      		brne .-6
 1319 0892 8BE0      		ldi r24,lo8(11)
 1320 0894 90E0      		ldi r25,hi8(11)
 1321 0896 F401      		movw r30,r8
 1322 0898 9383      		std Z+3,r25
 1323 089a 8283      		std Z+2,r24
 1324 089c 8C89      		ldd r24,Y+20
 1325 089e 9D89      		ldd r25,Y+21
 1326 08a0 892B      		or r24,r25
 1327 08a2 01F4      		brne .L169
 1328 08a4 00C0      		rjmp .L170
 1329               	.L167:
 1330 08a6 80E0      		ldi r24,lo8(0)
 1331 08a8 90E0      		ldi r25,hi8(0)
 1332 08aa 0E94 0000 		call DestroyRequestInfo
 1333 08ae EC89      		ldd r30,Y+20
 1334 08b0 FD89      		ldd r31,Y+21
 1335 08b2 EF2B      		or r30,r31
 1336 08b4 01F0      		breq .+2
 1337 08b6 00C0      		rjmp .L171
 1338 08b8 00C0      		rjmp .L282
 1339               	.L169:
 1340 08ba 8C89      		ldd r24,Y+20
 1341 08bc 9D89      		ldd r25,Y+21
 1342 08be 0E94 0000 		call free
 1343               	.L170:
 1344 08c2 80E0      		ldi r24,lo8(256)
 1345 08c4 91E0      		ldi r25,hi8(256)
 1346 08c6 0E94 0000 		call malloc
 1347 08ca 6C01      		movw r12,r24
 1348 08cc 0097      		sbiw r24,0
 1349 08ce 01F4      		brne .+2
 1350 08d0 00C0      		rjmp .L173
 1351 08d2 9D8B      		std Y+21,r25
 1352 08d4 8C8B      		std Y+20,r24
 1353 08d6 A201      		movw r20,r4
 1354 08d8 60E0      		ldi r22,lo8(256)
 1355 08da 71E0      		ldi r23,hi8(256)
 1356 08dc 0E94 0000 		call fgets
 1357 08e0 892B      		or r24,r25
 1358 08e2 01F4      		brne .+2
 1359 08e4 00C0      		rjmp .L175
GAS LISTING C:/Users/MICHEL~1/AppData/Local/Temp/ccWG8Fhh.s 			page 26


 1360 08e6 6DE0      		ldi r22,lo8(13)
 1361 08e8 70E0      		ldi r23,hi8(13)
 1362 08ea 8C89      		ldd r24,Y+20
 1363 08ec 9D89      		ldd r25,Y+21
 1364 08ee 0E94 0000 		call strchr
 1365 08f2 FC01      		movw r30,r24
 1366 08f4 892B      		or r24,r25
 1367 08f6 01F0      		breq .L177
 1368 08f8 1082      		st Z,__zero_reg__
 1369               	.L177:
 1370 08fa 6AE0      		ldi r22,lo8(10)
 1371 08fc 70E0      		ldi r23,hi8(10)
 1372 08fe 8C89      		ldd r24,Y+20
 1373 0900 9D89      		ldd r25,Y+21
 1374 0902 0E94 0000 		call strchr
 1375 0906 FC01      		movw r30,r24
 1376 0908 892B      		or r24,r25
 1377 090a 01F0      		breq .L179
 1378 090c 1082      		st Z,__zero_reg__
 1379               	.L179:
 1380 090e 80E0      		ldi r24,lo8(256)
 1381 0910 91E0      		ldi r25,hi8(256)
 1382 0912 0E94 0000 		call malloc
 1383 0916 8C01      		movw r16,r24
 1384 0918 892B      		or r24,r25
 1385 091a 01F4      		brne .+2
 1386 091c 00C0      		rjmp .L175
 1387               	.L301:
 1388 091e A201      		movw r20,r4
 1389 0920 60E0      		ldi r22,lo8(256)
 1390 0922 71E0      		ldi r23,hi8(256)
 1391 0924 C801      		movw r24,r16
 1392 0926 0E94 0000 		call fgets
 1393 092a 892B      		or r24,r25
 1394 092c 01F4      		brne .+2
 1395 092e 00C0      		rjmp .L182
 1396 0930 6DE0      		ldi r22,lo8(13)
 1397 0932 70E0      		ldi r23,hi8(13)
 1398 0934 C801      		movw r24,r16
 1399 0936 0E94 0000 		call strchr
 1400 093a FC01      		movw r30,r24
 1401 093c 892B      		or r24,r25
 1402 093e 01F0      		breq .L184
 1403 0940 1082      		st Z,__zero_reg__
 1404               	.L184:
 1405 0942 6AE0      		ldi r22,lo8(10)
 1406 0944 70E0      		ldi r23,hi8(10)
 1407 0946 C801      		movw r24,r16
 1408 0948 0E94 0000 		call strchr
 1409 094c FC01      		movw r30,r24
 1410 094e 892B      		or r24,r25
 1411 0950 01F0      		breq .L186
 1412 0952 1082      		st Z,__zero_reg__
 1413               	.L186:
 1414 0954 F801      		movw r30,r16
 1415 0956 8081      		ld r24,Z
 1416 0958 8823      		tst r24
GAS LISTING C:/Users/MICHEL~1/AppData/Local/Temp/ccWG8Fhh.s 			page 27


 1417 095a 01F4      		brne .+2
 1418 095c 00C0      		rjmp .L182
 1419 095e 4EE0      		ldi r20,lo8(14)
 1420 0960 50E0      		ldi r21,hi8(14)
 1421 0962 60E0      		ldi r22,lo8(.LC11)
 1422 0964 70E0      		ldi r23,hi8(.LC11)
 1423 0966 C801      		movw r24,r16
 1424 0968 0E94 0000 		call strncasecmp
 1425 096c 892B      		or r24,r25
 1426 096e 01F4      		brne .L189
 1427 0970 B801      		movw r22,r16
 1428 0972 625F      		subi r22,lo8(-(14))
 1429 0974 7F4F      		sbci r23,hi8(-(14))
 1430 0976 C401      		movw r24,r8
 1431 0978 4096      		adiw r24,16
 1432 097a 00C0      		rjmp .L293
 1433               	.L189:
 1434 097c 4FE0      		ldi r20,lo8(15)
 1435 097e 50E0      		ldi r21,hi8(15)
 1436 0980 60E0      		ldi r22,lo8(.LC12)
 1437 0982 70E0      		ldi r23,hi8(.LC12)
 1438 0984 C801      		movw r24,r16
 1439 0986 0E94 0000 		call strncasecmp
 1440 098a 892B      		or r24,r25
 1441 098c 01F4      		brne .L191
 1442 098e C801      		movw r24,r16
 1443 0990 0F96      		adiw r24,15
 1444 0992 0E94 0000 		call atol
 1445 0996 F401      		movw r30,r8
 1446 0998 6483      		std Z+4,r22
 1447 099a 7583      		std Z+5,r23
 1448 099c 8683      		std Z+6,r24
 1449 099e 9783      		std Z+7,r25
 1450 09a0 00C0      		rjmp .L301
 1451               	.L191:
 1452 09a2 4DE0      		ldi r20,lo8(13)
 1453 09a4 50E0      		ldi r21,hi8(13)
 1454 09a6 60E0      		ldi r22,lo8(.LC13)
 1455 09a8 70E0      		ldi r23,hi8(.LC13)
 1456 09aa C801      		movw r24,r16
 1457 09ac 0E94 0000 		call strncasecmp
 1458 09b0 892B      		or r24,r25
 1459 09b2 01F4      		brne .L193
 1460 09b4 B801      		movw r22,r16
 1461 09b6 635F      		subi r22,lo8(-(13))
 1462 09b8 7F4F      		sbci r23,hi8(-(13))
 1463 09ba C401      		movw r24,r8
 1464 09bc 0C96      		adiw r24,12
 1465 09be 00C0      		rjmp .L293
 1466               	.L193:
 1467 09c0 47E0      		ldi r20,lo8(7)
 1468 09c2 50E0      		ldi r21,hi8(7)
 1469 09c4 60E0      		ldi r22,lo8(.LC14)
 1470 09c6 70E0      		ldi r23,hi8(.LC14)
 1471 09c8 C801      		movw r24,r16
 1472 09ca 0E94 0000 		call strncasecmp
 1473 09ce 892B      		or r24,r25
GAS LISTING C:/Users/MICHEL~1/AppData/Local/Temp/ccWG8Fhh.s 			page 28


 1474 09d0 01F4      		brne .L195
 1475 09d2 B801      		movw r22,r16
 1476 09d4 695F      		subi r22,lo8(-(7))
 1477 09d6 7F4F      		sbci r23,hi8(-(7))
 1478 09d8 C401      		movw r24,r8
 1479 09da 0E96      		adiw r24,14
 1480 09dc 00C0      		rjmp .L293
 1481               	.L195:
 1482 09de 4BE0      		ldi r20,lo8(11)
 1483 09e0 50E0      		ldi r21,hi8(11)
 1484 09e2 60E0      		ldi r22,lo8(.LC15)
 1485 09e4 70E0      		ldi r23,hi8(.LC15)
 1486 09e6 C801      		movw r24,r16
 1487 09e8 0E94 0000 		call strncasecmp
 1488 09ec 892B      		or r24,r25
 1489 09ee 01F4      		brne .L197
 1490 09f0 B801      		movw r22,r16
 1491 09f2 655F      		subi r22,lo8(-(11))
 1492 09f4 7F4F      		sbci r23,hi8(-(11))
 1493 09f6 C401      		movw r24,r8
 1494 09f8 4296      		adiw r24,18
 1495 09fa 00C0      		rjmp .L293
 1496               	.L197:
 1497 09fc 42E1      		ldi r20,lo8(18)
 1498 09fe 50E0      		ldi r21,hi8(18)
 1499 0a00 60E0      		ldi r22,lo8(.LC16)
 1500 0a02 70E0      		ldi r23,hi8(.LC16)
 1501 0a04 C801      		movw r24,r16
 1502 0a06 0E94 0000 		call strncasecmp
 1503 0a0a 892B      		or r24,r25
 1504 0a0c 01F4      		brne .L199
 1505 0a0e C801      		movw r24,r16
 1506 0a10 4296      		adiw r24,18
 1507 0a12 0E94 0000 		call RfcTimeParse
 1508 0a16 F401      		movw r30,r8
 1509 0a18 608F      		std Z+24,r22
 1510 0a1a 718F      		std Z+25,r23
 1511 0a1c 828F      		std Z+26,r24
 1512 0a1e 938F      		std Z+27,r25
 1513 0a20 00C0      		rjmp .L301
 1514               	.L199:
 1515 0a22 48E0      		ldi r20,lo8(8)
 1516 0a24 50E0      		ldi r21,hi8(8)
 1517 0a26 60E0      		ldi r22,lo8(.LC17)
 1518 0a28 70E0      		ldi r23,hi8(.LC17)
 1519 0a2a C801      		movw r24,r16
 1520 0a2c 0E94 0000 		call strncasecmp
 1521 0a30 892B      		or r24,r25
 1522 0a32 01F4      		brne .L201
 1523 0a34 B801      		movw r22,r16
 1524 0a36 685F      		subi r22,lo8(-(8))
 1525 0a38 7F4F      		sbci r23,hi8(-(8))
 1526 0a3a C401      		movw r24,r8
 1527 0a3c 4C96      		adiw r24,28
 1528 0a3e 00C0      		rjmp .L293
 1529               	.L201:
 1530 0a40 45E0      		ldi r20,lo8(5)
GAS LISTING C:/Users/MICHEL~1/AppData/Local/Temp/ccWG8Fhh.s 			page 29


 1531 0a42 50E0      		ldi r21,hi8(5)
 1532 0a44 60E0      		ldi r22,lo8(.LC18)
 1533 0a46 70E0      		ldi r23,hi8(.LC18)
 1534 0a48 C801      		movw r24,r16
 1535 0a4a 0E94 0000 		call strncasecmp
 1536 0a4e 892B      		or r24,r25
 1537 0a50 01F4      		brne .L203
 1538 0a52 B801      		movw r22,r16
 1539 0a54 6B5F      		subi r22,lo8(-(5))
 1540 0a56 7F4F      		sbci r23,hi8(-(5))
 1541 0a58 C401      		movw r24,r8
 1542 0a5a 4E96      		adiw r24,30
 1543               	.L293:
 1544 0a5c 0E94 0000 		call HeaderFieldValue
 1545 0a60 892B      		or r24,r25
 1546 0a62 01F4      		brne .+2
 1547 0a64 00C0      		rjmp .L301
 1548 0a66 00C0      		rjmp .L182
 1549               	.L203:
 1550 0a68 4BE0      		ldi r20,lo8(11)
 1551 0a6a 50E0      		ldi r21,hi8(11)
 1552 0a6c 60E0      		ldi r22,lo8(.LC19)
 1553 0a6e 70E0      		ldi r23,hi8(.LC19)
 1554 0a70 C801      		movw r24,r16
 1555 0a72 0E94 0000 		call strncasecmp
 1556 0a76 892B      		or r24,r25
 1557 0a78 01F0      		breq .+2
 1558 0a7a 00C0      		rjmp .L301
 1559 0a7c 4CE0      		ldi r20,lo8(12)
 1560 0a7e E42E      		mov r14,r20
 1561 0a80 F12C      		mov r15,__zero_reg__
 1562 0a82 E00E      		add r14,r16
 1563 0a84 F11E      		adc r15,r17
 1564 0a86 45E0      		ldi r20,lo8(5)
 1565 0a88 50E0      		ldi r21,hi8(5)
 1566 0a8a 60E0      		ldi r22,lo8(.LC20)
 1567 0a8c 70E0      		ldi r23,hi8(.LC20)
 1568 0a8e C701      		movw r24,r14
 1569 0a90 0E94 0000 		call strncasecmp
 1570 0a94 892B      		or r24,r25
 1571 0a96 01F4      		brne .L206
 1572 0a98 81E0      		ldi r24,lo8(1)
 1573 0a9a 90E0      		ldi r25,hi8(1)
 1574 0a9c 00C0      		rjmp .L292
 1575               	.L206:
 1576 0a9e 4AE0      		ldi r20,lo8(10)
 1577 0aa0 50E0      		ldi r21,hi8(10)
 1578 0aa2 60E0      		ldi r22,lo8(.LC21)
 1579 0aa4 70E0      		ldi r23,hi8(.LC21)
 1580 0aa6 C701      		movw r24,r14
 1581 0aa8 0E94 0000 		call strncasecmp
 1582 0aac 892B      		or r24,r25
 1583 0aae 01F0      		breq .+2
 1584 0ab0 00C0      		rjmp .L301
 1585 0ab2 82E0      		ldi r24,lo8(2)
 1586 0ab4 90E0      		ldi r25,hi8(2)
 1587               	.L292:
GAS LISTING C:/Users/MICHEL~1/AppData/Local/Temp/ccWG8Fhh.s 			page 30


 1588 0ab6 F401      		movw r30,r8
 1589 0ab8 91A3      		std Z+33,r25
 1590 0aba 80A3      		std Z+32,r24
 1591 0abc 00C0      		rjmp .L301
 1592               	.L182:
 1593 0abe C801      		movw r24,r16
 1594 0ac0 0E94 0000 		call free
 1595 0ac4 C601      		movw r24,r12
 1596 0ac6 0E94 0000 		call NextWord
 1597 0aca 7C01      		movw r14,r24
 1598 0acc 0E94 0000 		call NextWord
 1599 0ad0 8C01      		movw r16,r24
 1600 0ad2 0E94 0000 		call NextWord
 1601 0ad6 60E0      		ldi r22,lo8(.LC22)
 1602 0ad8 70E0      		ldi r23,hi8(.LC22)
 1603 0ada C601      		movw r24,r12
 1604 0adc 0E94 0000 		call strcasecmp
 1605 0ae0 892B      		or r24,r25
 1606 0ae2 01F4      		brne .L209
 1607 0ae4 81E0      		ldi r24,lo8(1)
 1608 0ae6 90E0      		ldi r25,hi8(1)
 1609 0ae8 00C0      		rjmp .L297
 1610               	.L209:
 1611 0aea 60E0      		ldi r22,lo8(.LC23)
 1612 0aec 70E0      		ldi r23,hi8(.LC23)
 1613 0aee C601      		movw r24,r12
 1614 0af0 0E94 0000 		call strcasecmp
 1615 0af4 892B      		or r24,r25
 1616 0af6 01F4      		brne .L212
 1617 0af8 83E0      		ldi r24,lo8(3)
 1618 0afa 90E0      		ldi r25,hi8(3)
 1619 0afc 00C0      		rjmp .L297
 1620               	.L212:
 1621 0afe 60E0      		ldi r22,lo8(.LC24)
 1622 0b00 70E0      		ldi r23,hi8(.LC24)
 1623 0b02 C601      		movw r24,r12
 1624 0b04 0E94 0000 		call strcasecmp
 1625 0b08 892B      		or r24,r25
 1626 0b0a 01F4      		brne .L214
 1627 0b0c 82E0      		ldi r24,lo8(2)
 1628 0b0e 90E0      		ldi r25,hi8(2)
 1629 0b10 00C0      		rjmp .L297
 1630               	.L214:
 1631 0b12 45EF      		ldi r20,lo8(501)
 1632 0b14 51E0      		ldi r21,hi8(501)
 1633 0b16 00C0      		rjmp .L300
 1634               	.L297:
 1635 0b18 F401      		movw r30,r8
 1636 0b1a 9183      		std Z+1,r25
 1637 0b1c 8083      		st Z,r24
 1638 0b1e F701      		movw r30,r14
 1639 0b20 8081      		ld r24,Z
 1640 0b22 8823      		tst r24
 1641 0b24 01F0      		breq .L216
 1642 0b26 F801      		movw r30,r16
 1643 0b28 8081      		ld r24,Z
 1644 0b2a 8823      		tst r24
GAS LISTING C:/Users/MICHEL~1/AppData/Local/Temp/ccWG8Fhh.s 			page 31


 1645 0b2c 01F4      		brne .L218
 1646               	.L216:
 1647 0b2e 40E9      		ldi r20,lo8(400)
 1648 0b30 51E0      		ldi r21,hi8(400)
 1649               	.L300:
 1650 0b32 B401      		movw r22,r8
 1651 0b34 C201      		movw r24,r4
 1652 0b36 0E94 0000 		call NutHttpSendError
 1653 0b3a 00C0      		rjmp .L175
 1654               	.L218:
 1655 0b3c 60E0      		ldi r22,lo8(.LC25)
 1656 0b3e 70E0      		ldi r23,hi8(.LC25)
 1657 0b40 C801      		movw r24,r16
 1658 0b42 0E94 0000 		call strcasecmp
 1659 0b46 F401      		movw r30,r8
 1660 0b48 20A1      		ldd r18,Z+32
 1661 0b4a 31A1      		ldd r19,Z+33
 1662 0b4c 892B      		or r24,r25
 1663 0b4e 01F4      		brne .L219
 1664 0b50 8AE0      		ldi r24,lo8(10)
 1665 0b52 90E0      		ldi r25,hi8(10)
 1666 0b54 9383      		std Z+3,r25
 1667 0b56 8283      		std Z+2,r24
 1668 0b58 2230      		cpi r18,2
 1669 0b5a 3105      		cpc r19,__zero_reg__
 1670 0b5c 01F0      		breq .L221
 1671 0b5e 81E0      		ldi r24,lo8(1)
 1672 0b60 90E0      		ldi r25,hi8(1)
 1673 0b62 00C0      		rjmp .L298
 1674               	.L219:
 1675 0b64 2130      		cpi r18,1
 1676 0b66 3105      		cpc r19,__zero_reg__
 1677 0b68 01F0      		breq .L221
 1678 0b6a 82E0      		ldi r24,lo8(2)
 1679 0b6c 90E0      		ldi r25,hi8(2)
 1680 0b6e F401      		movw r30,r8
 1681               	.L298:
 1682 0b70 91A3      		std Z+33,r25
 1683 0b72 80A3      		std Z+32,r24
 1684               	.L221:
 1685 0b74 8A89      		ldd r24,Y+18
 1686 0b76 9B89      		ldd r25,Y+19
 1687 0b78 0097      		sbiw r24,0
 1688 0b7a 01F0      		breq .L224
 1689 0b7c 0197      		sbiw r24,1
 1690 0b7e 9B8B      		std Y+19,r25
 1691 0b80 8A8B      		std Y+18,r24
 1692 0b82 00C0      		rjmp .L226
 1693               	.L224:
 1694 0b84 81E0      		ldi r24,lo8(1)
 1695 0b86 90E0      		ldi r25,hi8(1)
 1696 0b88 F401      		movw r30,r8
 1697 0b8a 91A3      		std Z+33,r25
 1698 0b8c 80A3      		std Z+32,r24
 1699               	.L226:
 1700 0b8e 6FE3      		ldi r22,lo8(63)
 1701 0b90 70E0      		ldi r23,hi8(63)
GAS LISTING C:/Users/MICHEL~1/AppData/Local/Temp/ccWG8Fhh.s 			page 32


 1702 0b92 C701      		movw r24,r14
 1703 0b94 0E94 0000 		call strchr
 1704 0b98 FC01      		movw r30,r24
 1705 0b9a 892B      		or r24,r25
 1706 0b9c 01F0      		breq .L227
 1707 0b9e 1192      		st Z+,__zero_reg__
 1708 0ba0 8F01      		movw r16,r30
 1709 0ba2 0190      		ld __tmp_reg__,Z+
 1710 0ba4 0020      		tst __tmp_reg__
 1711 0ba6 01F4      		brne .-6
 1712 0ba8 CF01      		movw r24,r30
 1713 0baa 801B      		sub r24,r16
 1714 0bac 910B      		sbc r25,r17
 1715 0bae 0E94 0000 		call malloc
 1716 0bb2 F401      		movw r30,r8
 1717 0bb4 9387      		std Z+11,r25
 1718 0bb6 8287      		std Z+10,r24
 1719 0bb8 0097      		sbiw r24,0
 1720 0bba 01F4      		brne .+2
 1721 0bbc 00C0      		rjmp .L175
 1722 0bbe B801      		movw r22,r16
 1723 0bc0 0E94 0000 		call strcpy
 1724 0bc4 C401      		movw r24,r8
 1725 0bc6 0E94 0000 		call NutHttpProcessQueryString
 1726               	.L227:
 1727 0bca F701      		movw r30,r14
 1728 0bcc 0190      		ld __tmp_reg__,Z+
 1729 0bce 0020      		tst __tmp_reg__
 1730 0bd0 01F4      		brne .-6
 1731 0bd2 CF01      		movw r24,r30
 1732 0bd4 8E19      		sub r24,r14
 1733 0bd6 9F09      		sbc r25,r15
 1734 0bd8 0E94 0000 		call malloc
 1735 0bdc F401      		movw r30,r8
 1736 0bde 9187      		std Z+9,r25
 1737 0be0 8087      		std Z+8,r24
 1738 0be2 0097      		sbiw r24,0
 1739 0be4 01F4      		brne .+2
 1740 0be6 00C0      		rjmp .L175
 1741 0be8 B701      		movw r22,r14
 1742 0bea 0E94 0000 		call strcpy
 1743 0bee F401      		movw r30,r8
 1744 0bf0 8085      		ldd r24,Z+8
 1745 0bf2 9185      		ldd r25,Z+9
 1746 0bf4 0E94 0000 		call NutDecodePath
 1747 0bf8 892B      		or r24,r25
 1748 0bfa 01F4      		brne .L231
 1749 0bfc 40E9      		ldi r20,lo8(400)
 1750 0bfe 51E0      		ldi r21,hi8(400)
 1751 0c00 00C0      		rjmp .L299
 1752               	.L231:
 1753 0c02 C401      		movw r24,r8
 1754 0c04 0E94 0000 		call NutHttpAuthValidate
 1755 0c08 892B      		or r24,r25
 1756 0c0a 01F0      		breq .L234
 1757 0c0c 41E9      		ldi r20,lo8(401)
 1758 0c0e 51E0      		ldi r21,hi8(401)
GAS LISTING C:/Users/MICHEL~1/AppData/Local/Temp/ccWG8Fhh.s 			page 33


 1759               	.L299:
 1760 0c10 B401      		movw r22,r8
 1761 0c12 C201      		movw r24,r4
 1762 0c14 0E94 0000 		call NutHttpSendError
 1763 0c18 00C0      		rjmp .L233
 1764               	.L234:
 1765 0c1a 48E0      		ldi r20,lo8(8)
 1766 0c1c 50E0      		ldi r21,hi8(8)
 1767 0c1e 60E0      		ldi r22,lo8(.LC26)
 1768 0c20 70E0      		ldi r23,hi8(.LC26)
 1769 0c22 F401      		movw r30,r8
 1770 0c24 8085      		ldd r24,Z+8
 1771 0c26 9185      		ldd r25,Z+9
 1772 0c28 0E94 0000 		call strncasecmp
 1773 0c2c 892B      		or r24,r25
 1774 0c2e 01F0      		breq .L236
 1775 0c30 30E0      		ldi r19,lo8(default_files)
 1776 0c32 232E      		mov r2,r19
 1777 0c34 30E0      		ldi r19,hi8(default_files)
 1778 0c36 332E      		mov r3,r19
 1779 0c38 00C0      		rjmp .L238
 1780               	.L236:
 1781 0c3a B401      		movw r22,r8
 1782 0c3c C201      		movw r24,r4
 1783 0c3e 0E94 0000 		call NutCgiProcessRequest
 1784 0c42 00C0      		rjmp .L233
 1785               	.L239:
 1786 0c44 F401      		movw r30,r8
 1787 0c46 E084      		ldd r14,Z+8
 1788 0c48 F184      		ldd r15,Z+9
 1789 0c4a C090 0000 		lds r12,http_root
 1790 0c4e D090 0000 		lds r13,(http_root)+1
 1791 0c52 C114      		cp r12,__zero_reg__
 1792 0c54 D104      		cpc r13,__zero_reg__
 1793 0c56 01F4      		brne .L240
 1794 0c58 20E0      		ldi r18,lo8(.LC27)
 1795 0c5a C22E      		mov r12,r18
 1796 0c5c 20E0      		ldi r18,hi8(.LC27)
 1797 0c5e D22E      		mov r13,r18
 1798               	.L240:
 1799 0c60 F701      		movw r30,r14
 1800 0c62 0190      		ld __tmp_reg__,Z+
 1801 0c64 0020      		tst __tmp_reg__
 1802 0c66 01F4      		brne .-6
 1803 0c68 8F01      		movw r16,r30
 1804 0c6a 0150      		subi r16,lo8(-(-1))
 1805 0c6c 1040      		sbci r17,hi8(-(-1))
 1806 0c6e 0E19      		sub r16,r14
 1807 0c70 1F09      		sbc r17,r15
 1808 0c72 D501      		movw r26,r10
 1809 0c74 0D90      		ld __tmp_reg__,X+
 1810 0c76 0020      		tst __tmp_reg__
 1811 0c78 01F4      		brne .-6
 1812 0c7a 1197      		sbiw r26,1
 1813 0c7c AA19      		sub r26,r10
 1814 0c7e BB09      		sbc r27,r11
 1815 0c80 F601      		movw r30,r12
GAS LISTING C:/Users/MICHEL~1/AppData/Local/Temp/ccWG8Fhh.s 			page 34


 1816 0c82 0190      		ld __tmp_reg__,Z+
 1817 0c84 0020      		tst __tmp_reg__
 1818 0c86 01F4      		brne .-6
 1819 0c88 3197      		sbiw r30,1
 1820 0c8a EC19      		sub r30,r12
 1821 0c8c FD09      		sbc r31,r13
 1822 0c8e E00F      		add r30,r16
 1823 0c90 F11F      		adc r31,r17
 1824 0c92 3196      		adiw r30,1
 1825 0c94 CD01      		movw r24,r26
 1826 0c96 8E0F      		add r24,r30
 1827 0c98 9F1F      		adc r25,r31
 1828 0c9a 0E94 0000 		call malloc
 1829 0c9e 3C01      		movw r6,r24
 1830 0ca0 0097      		sbiw r24,0
 1831 0ca2 01F0      		breq .L242
 1832 0ca4 B601      		movw r22,r12
 1833 0ca6 0E94 0000 		call strcpy
 1834 0caa B701      		movw r22,r14
 1835 0cac C301      		movw r24,r6
 1836 0cae 0E94 0000 		call strcat
 1837 0cb2 F501      		movw r30,r10
 1838 0cb4 8081      		ld r24,Z
 1839 0cb6 8823      		tst r24
 1840 0cb8 01F4      		brne .+2
 1841 0cba 00C0      		rjmp .L244
 1842 0cbc 0115      		cp r16,__zero_reg__
 1843 0cbe 1105      		cpc r17,__zero_reg__
 1844 0cc0 01F4      		brne .L246
 1845 0cc2 81E0      		ldi r24,lo8(1)
 1846 0cc4 90E0      		ldi r25,hi8(1)
 1847 0cc6 00C0      		rjmp .L248
 1848               	.L246:
 1849 0cc8 20E0      		ldi r18,lo8(0)
 1850 0cca 30E0      		ldi r19,hi8(0)
 1851 0ccc E00E      		add r14,r16
 1852 0cce F11E      		adc r15,r17
 1853 0cd0 0894      		sec
 1854 0cd2 E108      		sbc r14,__zero_reg__
 1855 0cd4 F108      		sbc r15,__zero_reg__
 1856 0cd6 F701      		movw r30,r14
 1857 0cd8 8081      		ld r24,Z
 1858 0cda 8F32      		cpi r24,lo8(47)
 1859 0cdc 01F4      		brne .L249
 1860 0cde 21E0      		ldi r18,lo8(1)
 1861 0ce0 30E0      		ldi r19,hi8(1)
 1862               	.L249:
 1863 0ce2 C901      		movw r24,r18
 1864               	.L248:
 1865 0ce4 A80E      		add r10,r24
 1866 0ce6 B91E      		adc r11,r25
 1867 0ce8 B501      		movw r22,r10
 1868 0cea C301      		movw r24,r6
 1869 0cec 0E94 0000 		call strcat
 1870 0cf0 00C0      		rjmp .L244
 1871               	.L242:
 1872 0cf2 44EF      		ldi r20,lo8(500)
GAS LISTING C:/Users/MICHEL~1/AppData/Local/Temp/ccWG8Fhh.s 			page 35


 1873 0cf4 51E0      		ldi r21,hi8(500)
 1874 0cf6 00C0      		rjmp .L299
 1875               	.L250:
 1876 0cf8 F301      		movw r30,r6
 1877 0cfa EA0F      		add r30,r26
 1878 0cfc FB1F      		adc r31,r27
 1879 0cfe 3081      		ld r19,Z
 1880 0d00 3A33      		cpi r19,lo8(58)
 1881 0d02 01F4      		brne .L251
 1882 0d04 2223      		tst r18
 1883 0d06 01F4      		brne .L253
 1884 0d08 21E0      		ldi r18,lo8(1)
 1885 0d0a 00C0      		rjmp .L255
 1886               	.L251:
 1887 0d0c FC01      		movw r30,r24
 1888 0d0e 3583      		std Z+5,r19
 1889               	.L255:
 1890 0d10 1196      		adiw r26,1
 1891 0d12 0196      		adiw r24,1
 1892               	.L256:
 1893 0d14 A017      		cp r26,r16
 1894 0d16 B107      		cpc r27,r17
 1895 0d18 04F0      		brlt .L250
 1896               	.L253:
 1897 0d1a A40F      		add r26,r20
 1898 0d1c B51F      		adc r27,r21
 1899 0d1e FD01      		movw r30,r26
 1900 0d20 1582      		std Z+5,__zero_reg__
 1901 0d22 5F93      		push r21
 1902 0d24 4F93      		push r20
 1903 0d26 0E94 0000 		call printf
 1904 0d2a 60E0      		ldi r22,lo8(-32768)
 1905 0d2c 70E8      		ldi r23,hi8(-32768)
 1906 0d2e 80E0      		ldi r24,lo8(.LC28)
 1907 0d30 90E0      		ldi r25,hi8(.LC28)
 1908 0d32 0E94 0000 		call _open
 1909 0d36 3C01      		movw r6,r24
 1910 0d38 82E0      		ldi r24,lo8(2)
 1911 0d3a 90E0      		ldi r25,hi8(2)
 1912 0d3c 280E      		add r2,r24
 1913 0d3e 391E      		adc r3,r25
 1914 0d40 0F90      		pop __tmp_reg__
 1915 0d42 0F90      		pop __tmp_reg__
 1916 0d44 9FEF      		ldi r25,lo8(-1)
 1917 0d46 6916      		cp r6,r25
 1918 0d48 9FEF      		ldi r25,hi8(-1)
 1919 0d4a 7906      		cpc r7,r25
 1920 0d4c 01F0      		breq .+2
 1921 0d4e 00C0      		rjmp .L257
 1922 0d50 80E0      		ldi r24,lo8(.LC28)
 1923 0d52 90E0      		ldi r25,hi8(.LC28)
 1924 0d54 0E94 0000 		call free
 1925               	.L238:
 1926 0d58 F101      		movw r30,r2
 1927 0d5a A080      		ld r10,Z
 1928 0d5c B180      		ldd r11,Z+1
 1929 0d5e A114      		cp r10,__zero_reg__
GAS LISTING C:/Users/MICHEL~1/AppData/Local/Temp/ccWG8Fhh.s 			page 36


 1930 0d60 B104      		cpc r11,__zero_reg__
 1931 0d62 01F0      		breq .+2
 1932 0d64 00C0      		rjmp .L239
 1933 0d66 44E9      		ldi r20,lo8(404)
 1934 0d68 51E0      		ldi r21,hi8(404)
 1935 0d6a 00C0      		rjmp .L299
 1936               	.L260:
 1937 0d6c 8091 0000 		lds r24,http_optflags
 1938 0d70 9091 0000 		lds r25,(http_optflags)+1
 1939 0d74 A091 0000 		lds r26,(http_optflags)+2
 1940 0d78 B091 0000 		lds r27,(http_optflags)+3
 1941 0d7c 81FF      		sbrs r24,1
 1942 0d7e 00C0      		rjmp .L261
 1943 0d80 BE01      		movw r22,r28
 1944 0d82 6B5F      		subi r22,lo8(-(5))
 1945 0d84 7F4F      		sbci r23,hi8(-(5))
 1946 0d86 80E0      		ldi r24,lo8(.LC28)
 1947 0d88 90E0      		ldi r25,hi8(.LC28)
 1948 0d8a 0E94 0000 		call stat
 1949 0d8e 892B      		or r24,r25
 1950 0d90 01F4      		brne .L263
 1951 0d92 8E85      		ldd r24,Y+14
 1952 0d94 9F85      		ldd r25,Y+15
 1953 0d96 A889      		ldd r26,Y+16
 1954 0d98 B989      		ldd r27,Y+17
 1955 0d9a 8983      		std Y+1,r24
 1956 0d9c 9A83      		std Y+2,r25
 1957 0d9e AB83      		std Y+3,r26
 1958 0da0 BC83      		std Y+4,r27
 1959 0da2 00C0      		rjmp .L265
 1960               	.L263:
 1961 0da4 80E0      		ldi r24,lo8(.LC29)
 1962 0da6 90E0      		ldi r25,hi8(.LC29)
 1963 0da8 0E94 0000 		call RfcTimeParse
 1964 0dac 6983      		std Y+1,r22
 1965 0dae 7A83      		std Y+2,r23
 1966 0db0 8B83      		std Y+3,r24
 1967 0db2 9C83      		std Y+4,r25
 1968               	.L265:
 1969 0db4 F401      		movw r30,r8
 1970 0db6 208D      		ldd r18,Z+24
 1971 0db8 318D      		ldd r19,Z+25
 1972 0dba 428D      		ldd r20,Z+26
 1973 0dbc 538D      		ldd r21,Z+27
 1974 0dbe 2115      		cp r18,__zero_reg__
 1975 0dc0 3105      		cpc r19,__zero_reg__
 1976 0dc2 4105      		cpc r20,__zero_reg__
 1977 0dc4 5105      		cpc r21,__zero_reg__
 1978 0dc6 01F0      		breq .L266
 1979 0dc8 8E85      		ldd r24,Y+14
 1980 0dca 9F85      		ldd r25,Y+15
 1981 0dcc A889      		ldd r26,Y+16
 1982 0dce B989      		ldd r27,Y+17
 1983 0dd0 2817      		cp r18,r24
 1984 0dd2 3907      		cpc r19,r25
 1985 0dd4 4A07      		cpc r20,r26
 1986 0dd6 5B07      		cpc r21,r27
GAS LISTING C:/Users/MICHEL~1/AppData/Local/Temp/ccWG8Fhh.s 			page 37


 1987 0dd8 04F0      		brlt .L266
 1988 0dda C301      		movw r24,r6
 1989 0ddc 0E94 0000 		call _close
 1990 0de0 40E3      		ldi r20,lo8(304)
 1991 0de2 51E0      		ldi r21,hi8(304)
 1992 0de4 B401      		movw r22,r8
 1993 0de6 C201      		movw r24,r4
 1994 0de8 0E94 0000 		call NutHttpSendError
 1995 0dec 80E0      		ldi r24,lo8(.LC28)
 1996 0dee 90E0      		ldi r25,hi8(.LC28)
 1997 0df0 0E94 0000 		call free
 1998 0df4 00C0      		rjmp .L233
 1999               	.L266:
 2000 0df6 CE01      		movw r24,r28
 2001 0df8 0196      		adiw r24,1
 2002 0dfa 0E94 0000 		call gmtime
 2003 0dfe 0E94 0000 		call Rfc1123TimeString
 2004 0e02 8C01      		movw r16,r24
 2005 0e04 FC01      		movw r30,r24
 2006 0e06 0190      		ld __tmp_reg__,Z+
 2007 0e08 0020      		tst __tmp_reg__
 2008 0e0a 01F4      		brne .-6
 2009 0e0c CF01      		movw r24,r30
 2010 0e0e 801B      		sub r24,r16
 2011 0e10 910B      		sbc r25,r17
 2012 0e12 0E94 0000 		call malloc
 2013 0e16 7C01      		movw r14,r24
 2014 0e18 0097      		sbiw r24,0
 2015 0e1a 01F4      		brne .+2
 2016 0e1c 00C0      		rjmp .L261
 2017 0e1e B801      		movw r22,r16
 2018 0e20 0E94 0000 		call strcpy
 2019 0e24 80E0      		ldi r24,lo8(.LC28)
 2020 0e26 90E0      		ldi r25,hi8(.LC28)
 2021 0e28 0E94 0000 		call free
 2022 0e2c 20E0      		ldi r18,lo8(.LC30)
 2023 0e2e 30E0      		ldi r19,hi8(.LC30)
 2024 0e30 48EC      		ldi r20,lo8(200)
 2025 0e32 50E0      		ldi r21,hi8(200)
 2026 0e34 B401      		movw r22,r8
 2027 0e36 C201      		movw r24,r4
 2028 0e38 0E94 0000 		call NutHttpSendHeaderTop
 2029 0e3c FF92      		push r15
 2030 0e3e EF92      		push r14
 2031 0e40 80E0      		ldi r24,lo8(.LC31)
 2032 0e42 90E0      		ldi r25,hi8(.LC31)
 2033 0e44 9F93      		push r25
 2034 0e46 8F93      		push r24
 2035 0e48 5F92      		push r5
 2036 0e4a 4F92      		push r4
 2037 0e4c 0E94 0000 		call fprintf
 2038 0e50 C701      		movw r24,r14
 2039 0e52 0E94 0000 		call free
 2040 0e56 C301      		movw r24,r6
 2041 0e58 0E94 0000 		call _filelength
 2042 0e5c 6B01      		movw r12,r22
 2043 0e5e 7C01      		movw r14,r24
GAS LISTING C:/Users/MICHEL~1/AppData/Local/Temp/ccWG8Fhh.s 			page 38


 2044 0e60 8DB7      		in r24,__SP_L__
 2045 0e62 9EB7      		in r25,__SP_H__
 2046 0e64 0696      		adiw r24,6
 2047 0e66 0FB6      		in __tmp_reg__,__SREG__
 2048 0e68 F894      		cli
 2049 0e6a 9EBF      		out __SP_H__,r25
 2050 0e6c 0FBE      		out __SREG__,__tmp_reg__
 2051 0e6e 8DBF      		out __SP_L__,r24
 2052 0e70 00C0      		rjmp .L270
 2053               	.L290:
 2054 0e72 80E0      		ldi r24,lo8(.LC28)
 2055 0e74 90E0      		ldi r25,hi8(.LC28)
 2056 0e76 0E94 0000 		call free
 2057 0e7a 20E0      		ldi r18,lo8(.LC30)
 2058 0e7c 30E0      		ldi r19,hi8(.LC30)
 2059 0e7e 48EC      		ldi r20,lo8(200)
 2060 0e80 50E0      		ldi r21,hi8(200)
 2061 0e82 B401      		movw r22,r8
 2062 0e84 C201      		movw r24,r4
 2063 0e86 0E94 0000 		call NutHttpSendHeaderTop
 2064 0e8a C301      		movw r24,r6
 2065 0e8c 0E94 0000 		call _filelength
 2066 0e90 6B01      		movw r12,r22
 2067 0e92 7C01      		movw r14,r24
 2068 0e94 F401      		movw r30,r8
 2069 0e96 8085      		ldd r24,Z+8
 2070 0e98 9185      		ldd r25,Z+9
 2071 0e9a 0E94 0000 		call NutGetMimeType
 2072 0e9e 0FEF      		ldi r16,lo8(-1)
 2073 0ea0 1FEF      		ldi r17,hi8(-1)
 2074 0ea2 2FEF      		ldi r18,hlo8(-1)
 2075 0ea4 3FEF      		ldi r19,hhi8(-1)
 2076 0ea6 AC01      		movw r20,r24
 2077 0ea8 B401      		movw r22,r8
 2078 0eaa C201      		movw r24,r4
 2079 0eac 0E94 0000 		call NutHttpSendHeaderBottom
 2080 0eb0 2091 0000 		lds r18,http_root
 2081 0eb4 3091 0000 		lds r19,(http_root)+1
 2082 0eb8 8401      		movw r16,r8
 2083 0eba A601      		movw r20,r12
 2084 0ebc B301      		movw r22,r6
 2085 0ebe C201      		movw r24,r4
 2086 0ec0 F501      		movw r30,r10
 2087 0ec2 1995      		eicall
 2088 0ec4 00C0      		rjmp .L272
 2089               	.L270:
 2090 0ec6 F401      		movw r30,r8
 2091 0ec8 8085      		ldd r24,Z+8
 2092 0eca 9185      		ldd r25,Z+9
 2093 0ecc 0E94 0000 		call NutGetMimeType
 2094 0ed0 9701      		movw r18,r14
 2095 0ed2 8601      		movw r16,r12
 2096 0ed4 AC01      		movw r20,r24
 2097 0ed6 B401      		movw r22,r8
 2098 0ed8 C201      		movw r24,r4
 2099 0eda 0E94 0000 		call NutHttpSendHeaderBottom
 2100 0ede F401      		movw r30,r8
GAS LISTING C:/Users/MICHEL~1/AppData/Local/Temp/ccWG8Fhh.s 			page 39


 2101 0ee0 8081      		ld r24,Z
 2102 0ee2 9181      		ldd r25,Z+1
 2103 0ee4 0397      		sbiw r24,3
 2104 0ee6 01F0      		breq .L272
 2105 0ee8 80E0      		ldi r24,lo8(512)
 2106 0eea 92E0      		ldi r25,hi8(512)
 2107 0eec 0E94 0000 		call malloc
 2108 0ef0 8C01      		movw r16,r24
 2109 0ef2 892B      		or r24,r25
 2110 0ef4 01F0      		breq .L272
 2111 0ef6 212C      		mov r2,__zero_reg__
 2112 0ef8 92E0      		ldi r25,hi8(512)
 2113 0efa 392E      		mov r3,r25
 2114 0efc 00C0      		rjmp .L275
 2115               	.L276:
 2116 0efe F0E0      		ldi r31,lo8(512)
 2117 0f00 CF16      		cp r12,r31
 2118 0f02 F2E0      		ldi r31,hi8(512)
 2119 0f04 DF06      		cpc r13,r31
 2120 0f06 F0E0      		ldi r31,hlo8(512)
 2121 0f08 EF06      		cpc r14,r31
 2122 0f0a F0E0      		ldi r31,hhi8(512)
 2123 0f0c FF06      		cpc r15,r31
 2124 0f0e 04F4      		brge .L277
 2125 0f10 1601      		movw r2,r12
 2126               	.L277:
 2127 0f12 A101      		movw r20,r2
 2128 0f14 B801      		movw r22,r16
 2129 0f16 C301      		movw r24,r6
 2130 0f18 0E94 0000 		call _read
 2131 0f1c 5C01      		movw r10,r24
 2132 0f1e 9201      		movw r18,r4
 2133 0f20 AC01      		movw r20,r24
 2134 0f22 61E0      		ldi r22,lo8(1)
 2135 0f24 70E0      		ldi r23,hi8(1)
 2136 0f26 C801      		movw r24,r16
 2137 0f28 0E94 0000 		call fwrite
 2138 0f2c 892B      		or r24,r25
 2139 0f2e 01F0      		breq .L279
 2140 0f30 C501      		movw r24,r10
 2141 0f32 AA27      		clr r26
 2142 0f34 97FD      		sbrc r25,7
 2143 0f36 A095      		com r26
 2144 0f38 BA2F      		mov r27,r26
 2145 0f3a C81A      		sub r12,r24
 2146 0f3c D90A      		sbc r13,r25
 2147 0f3e EA0A      		sbc r14,r26
 2148 0f40 FB0A      		sbc r15,r27
 2149               	.L275:
 2150 0f42 C114      		cp r12,__zero_reg__
 2151 0f44 D104      		cpc r13,__zero_reg__
 2152 0f46 E104      		cpc r14,__zero_reg__
 2153 0f48 F104      		cpc r15,__zero_reg__
 2154 0f4a 01F4      		brne .L276
 2155               	.L279:
 2156 0f4c C801      		movw r24,r16
 2157 0f4e 0E94 0000 		call free
GAS LISTING C:/Users/MICHEL~1/AppData/Local/Temp/ccWG8Fhh.s 			page 40


 2158               	.L272:
 2159 0f52 C301      		movw r24,r6
 2160 0f54 0E94 0000 		call _close
 2161               	.L233:
 2162 0f58 C201      		movw r24,r4
 2163 0f5a 0E94 0000 		call fflush
 2164 0f5e F401      		movw r30,r8
 2165 0f60 80A1      		ldd r24,Z+32
 2166 0f62 91A1      		ldd r25,Z+33
 2167 0f64 0197      		sbiw r24,1
 2168 0f66 01F0      		breq .L175
 2169 0f68 00C0      		rjmp .L166
 2170               	.L171:
 2171 0f6a 8C89      		ldd r24,Y+20
 2172 0f6c 9D89      		ldd r25,Y+21
 2173 0f6e 0E94 0000 		call free
 2174 0f72 00C0      		rjmp .L282
 2175               	.L244:
 2176 0f74 7F92      		push r7
 2177 0f76 6F92      		push r6
 2178 0f78 0E94 0000 		call printf
 2179 0f7c F301      		movw r30,r6
 2180 0f7e 0190      		ld __tmp_reg__,Z+
 2181 0f80 0020      		tst __tmp_reg__
 2182 0f82 01F4      		brne .-6
 2183 0f84 8F01      		movw r16,r30
 2184 0f86 0150      		subi r16,lo8(-(-1))
 2185 0f88 1040      		sbci r17,hi8(-(-1))
 2186 0f8a 0619      		sub r16,r6
 2187 0f8c 1709      		sbc r17,r7
 2188 0f8e C801      		movw r24,r16
 2189 0f90 0E94 0000 		call malloc
 2190 0f94 AC01      		movw r20,r24
 2191 0f96 A0E0      		ldi r26,lo8(.LC32)
 2192 0f98 B0E0      		ldi r27,hi8(.LC32)
 2193 0f9a FC01      		movw r30,r24
 2194 0f9c 25E0      		ldi r18,lo8(5)
 2195               	.L281:
 2196 0f9e 0190      		ld r0,Z+
 2197 0fa0 0D92      		st X+,r0
 2198 0fa2 2150      		subi r18,lo8(-(-1))
 2199 0fa4 01F4      		brne .L281
 2200 0fa6 A0E0      		ldi r26,lo8(0)
 2201 0fa8 B0E0      		ldi r27,hi8(0)
 2202 0faa 0F90      		pop __tmp_reg__
 2203 0fac 0F90      		pop __tmp_reg__
 2204 0fae 00C0      		rjmp .L256
 2205               	.L257:
 2206 0fb0 80E0      		ldi r24,lo8(.LC28)
 2207 0fb2 90E0      		ldi r25,hi8(.LC28)
 2208 0fb4 0E94 0000 		call NutGetMimeHandler
 2209 0fb8 5C01      		movw r10,r24
 2210 0fba 892B      		or r24,r25
 2211 0fbc 01F0      		breq .+2
 2212 0fbe 00C0      		rjmp .L290
 2213 0fc0 00C0      		rjmp .L260
 2214               	.L175:
GAS LISTING C:/Users/MICHEL~1/AppData/Local/Temp/ccWG8Fhh.s 			page 41


 2215 0fc2 C401      		movw r24,r8
 2216 0fc4 0E94 0000 		call DestroyRequestInfo
 2217 0fc8 00C0      		rjmp .L171
 2218               	.L173:
 2219 0fca C401      		movw r24,r8
 2220 0fcc 0E94 0000 		call DestroyRequestInfo
 2221 0fd0 00C0      		rjmp .L282
 2222               	.L261:
 2223 0fd2 80E0      		ldi r24,lo8(.LC28)
 2224 0fd4 90E0      		ldi r25,hi8(.LC28)
 2225 0fd6 0E94 0000 		call free
 2226 0fda 20E0      		ldi r18,lo8(.LC30)
 2227 0fdc 30E0      		ldi r19,hi8(.LC30)
 2228 0fde 48EC      		ldi r20,lo8(200)
 2229 0fe0 50E0      		ldi r21,hi8(200)
 2230 0fe2 B401      		movw r22,r8
 2231 0fe4 C201      		movw r24,r4
 2232 0fe6 0E94 0000 		call NutHttpSendHeaderTop
 2233 0fea C301      		movw r24,r6
 2234 0fec 0E94 0000 		call _filelength
 2235 0ff0 6B01      		movw r12,r22
 2236 0ff2 7C01      		movw r14,r24
 2237 0ff4 00C0      		rjmp .L270
 2238               	.L282:
 2239               	/* epilogue: frame size=23 */
 2240 0ff6 6796      		adiw r28,23
 2241 0ff8 0FB6      		in __tmp_reg__,__SREG__
 2242 0ffa F894      		cli
 2243 0ffc DEBF      		out __SP_H__,r29
 2244 0ffe 0FBE      		out __SREG__,__tmp_reg__
 2245 1000 CDBF      		out __SP_L__,r28
 2246 1002 DF91      		pop r29
 2247 1004 CF91      		pop r28
 2248 1006 1F91      		pop r17
 2249 1008 0F91      		pop r16
 2250 100a FF90      		pop r15
 2251 100c EF90      		pop r14
 2252 100e DF90      		pop r13
 2253 1010 CF90      		pop r12
 2254 1012 BF90      		pop r11
 2255 1014 AF90      		pop r10
 2256 1016 9F90      		pop r9
 2257 1018 8F90      		pop r8
 2258 101a 7F90      		pop r7
 2259 101c 6F90      		pop r6
 2260 101e 5F90      		pop r5
 2261 1020 4F90      		pop r4
 2262 1022 3F90      		pop r3
 2263 1024 2F90      		pop r2
 2264 1026 0895      		ret
 2265               	/* epilogue end (size=25) */
 2266               	/* function NutHttpProcessRequest size 1027 (976) */
 2267               		.size	NutHttpProcessRequest, .-NutHttpProcessRequest
 2268               	.global	mimeTypes
 2269               		.data
 2270               	.LC33:
 2271 0169 2E74 7874 		.string	".txt"
GAS LISTING C:/Users/MICHEL~1/AppData/Local/Temp/ccWG8Fhh.s 			page 42


 2271      00
 2272               	.LC34:
 2273 016e 7465 7874 		.string	"text/plain"
 2273      2F70 6C61 
 2273      696E 00
 2274               	.LC35:
 2275 0179 2E68 746D 		.string	".html"
 2275      6C00 
 2276               	.LC36:
 2277 017f 2E73 6874 		.string	".shtml"
 2277      6D6C 00
 2278               	.LC37:
 2279 0186 2E61 7370 		.string	".asp"
 2279      00
 2280               	.LC38:
 2281 018b 2E68 746D 		.string	".htm"
 2281      00
 2282               	.LC39:
 2283 0190 2E67 6966 		.string	".gif"
 2283      00
 2284               	.LC40:
 2285 0195 696D 6167 		.string	"image/gif"
 2285      652F 6769 
 2285      6600 
 2286               	.LC41:
 2287 019f 2E6A 7067 		.string	".jpg"
 2287      00
 2288               	.LC42:
 2289 01a4 696D 6167 		.string	"image/jpeg"
 2289      652F 6A70 
 2289      6567 00
 2290               	.LC43:
 2291 01af 2E70 6E67 		.string	".png"
 2291      00
 2292               	.LC44:
 2293 01b4 696D 6167 		.string	"image/png"
 2293      652F 706E 
 2293      6700 
 2294               	.LC45:
 2295 01be 2E70 6466 		.string	".pdf"
 2295      00
 2296               	.LC46:
 2297 01c3 6170 706C 		.string	"application/pdf"
 2297      6963 6174 
 2297      696F 6E2F 
 2297      7064 6600 
 2298               	.LC47:
 2299 01d3 2E6A 7300 		.string	".js"
 2300               	.LC48:
 2301 01d7 6170 706C 		.string	"application/x-javascript"
 2301      6963 6174 
 2301      696F 6E2F 
 2301      782D 6A61 
 2301      7661 7363 
 2302               	.LC49:
 2303 01f0 2E6A 6172 		.string	".jar"
 2303      00
GAS LISTING C:/Users/MICHEL~1/AppData/Local/Temp/ccWG8Fhh.s 			page 43


 2304               	.LC50:
 2305 01f5 6170 706C 		.string	"application/x-java-archive"
 2305      6963 6174 
 2305      696F 6E2F 
 2305      782D 6A61 
 2305      7661 2D61 
 2306               	.LC51:
 2307 0210 2E63 7373 		.string	".css"
 2307      00
 2308               	.LC52:
 2309 0215 7465 7874 		.string	"text/css"
 2309      2F63 7373 
 2309      00
 2310               	.LC53:
 2311 021e 2E78 6D6C 		.string	".xml"
 2311      00
 2312               	.LC54:
 2313 0223 7465 7874 		.string	"text/xml"
 2313      2F78 6D6C 
 2313      00
 2314               		.type	mimeTypes, @object
 2315               		.size	mimeTypes, 84
 2316               	mimeTypes:
 2317 022c 0000      		.word	.LC33
 2318 022e 0000      		.word	.LC34
 2319 0230 0000      		.word	0
 2320 0232 0000      		.word	.LC35
 2321 0234 0000      		.word	.LC7
 2322 0236 0000      		.word	0
 2323 0238 0000      		.word	.LC36
 2324 023a 0000      		.word	.LC7
 2325 023c 0000      		.word	0
 2326 023e 0000      		.word	.LC37
 2327 0240 0000      		.word	.LC7
 2328 0242 0000      		.word	0
 2329 0244 0000      		.word	.LC38
 2330 0246 0000      		.word	.LC7
 2331 0248 0000      		.word	0
 2332 024a 0000      		.word	.LC39
 2333 024c 0000      		.word	.LC40
 2334 024e 0000      		.word	0
 2335 0250 0000      		.word	.LC41
 2336 0252 0000      		.word	.LC42
 2337 0254 0000      		.word	0
 2338 0256 0000      		.word	.LC43
 2339 0258 0000      		.word	.LC44
 2340 025a 0000      		.word	0
 2341 025c 0000      		.word	.LC45
 2342 025e 0000      		.word	.LC46
 2343 0260 0000      		.word	0
 2344 0262 0000      		.word	.LC47
 2345 0264 0000      		.word	.LC48
 2346 0266 0000      		.word	0
 2347 0268 0000      		.word	.LC49
 2348 026a 0000      		.word	.LC50
 2349 026c 0000      		.word	0
 2350 026e 0000      		.word	.LC51
GAS LISTING C:/Users/MICHEL~1/AppData/Local/Temp/ccWG8Fhh.s 			page 44


 2351 0270 0000      		.word	.LC52
 2352 0272 0000      		.word	0
 2353 0274 0000      		.word	.LC53
 2354 0276 0000      		.word	.LC54
 2355 0278 0000      		.word	0
 2356 027a 0000      		.word	0
 2357 027c 0000      		.word	0
 2358 027e 0000      		.word	0
 2359               	.LC55:
 2360 0280 00        		.string	""
 2361               	.LC56:
 2362 0281 2F69 6E64 		.string	"/index.html"
 2362      6578 2E68 
 2362      746D 6C00 
 2363               	.LC57:
 2364 028d 2F69 6E64 		.string	"/index.htm"
 2364      6578 2E68 
 2364      746D 00
 2365               	.LC58:
 2366 0298 2F64 6566 		.string	"/default.html"
 2366      6175 6C74 
 2366      2E68 746D 
 2366      6C00 
 2367               	.LC59:
 2368 02a6 2F64 6566 		.string	"/default.htm"
 2368      6175 6C74 
 2368      2E68 746D 
 2368      00
 2369               	.LC60:
 2370 02b3 2F69 6E64 		.string	"/index.shtml"
 2370      6578 2E73 
 2370      6874 6D6C 
 2370      00
 2371               	.LC61:
 2372 02c0 2F69 6E64 		.string	"/index.xhtml"
 2372      6578 2E78 
 2372      6874 6D6C 
 2372      00
 2373               	.LC62:
 2374 02cd 2F69 6E64 		.string	"/index.asp"
 2374      6578 2E61 
 2374      7370 00
 2375               	.LC63:
 2376 02d8 2F64 6566 		.string	"/default.asp"
 2376      6175 6C74 
 2376      2E61 7370 
 2376      00
 2377               		.type	default_files, @object
 2378               		.size	default_files, 20
 2379               	default_files:
 2380 02e5 0000      		.word	.LC55
 2381 02e7 0000      		.word	.LC56
 2382 02e9 0000      		.word	.LC57
 2383 02eb 0000      		.word	.LC58
 2384 02ed 0000      		.word	.LC59
 2385 02ef 0000      		.word	.LC60
 2386 02f1 0000      		.word	.LC61
GAS LISTING C:/Users/MICHEL~1/AppData/Local/Temp/ccWG8Fhh.s 			page 45


 2387 02f3 0000      		.word	.LC62
 2388 02f5 0000      		.word	.LC63
 2389 02f7 0000      		.word	0
 2390               		.type	C.5.2221, @object
 2391               		.size	C.5.2221, 3
 2392               	C.5.2221:
 2393 02f9 0000 00   		.skip 3,0
 2394               		.section	.progmem.data,"a",@progbits
 2395               		.type	auth_fmt_P.2159, @object
 2396               		.size	auth_fmt_P.2159, 37
 2397               	auth_fmt_P.2159:
 2398 0000 5757 572D 		.string	"WWW-Authenticate: Basic realm=\"%s\"\r\n"
 2398      4175 7468 
 2398      656E 7469 
 2398      6361 7465 
 2398      3A20 4261 
 2399               		.type	err_fmt_P.2158, @object
 2400               		.size	err_fmt_P.2158, 67
 2401               	err_fmt_P.2158:
 2402 0025 3C48      		.ascii	"<H"
 2403 0027 544D 4C3E 		.string	"TML><HEAD><TITLE>%d %s</TITLE></HEAD><BODY>%d %s</BODY></HTML>\r\n"
 2403      3C48 4541 
 2403      443E 3C54 
 2403      4954 4C45 
 2403      3E25 6420 
 2404               		.type	cka_str_P.2151, @object
 2405               		.size	cka_str_P.2151, 15
 2406               	cka_str_P.2151:
 2407 0068 4B65 6570 		.string	"Keep-Alive\r\n\r\n"
 2407      2D41 6C69 
 2407      7665 0D0A 
 2407      0D0A 00
 2408               		.type	ccl_str_P.2150, @object
 2409               		.size	ccl_str_P.2150, 10
 2410               	ccl_str_P.2150:
 2411 0077 636C 6F73 		.string	"close\r\n\r\n"
 2411      650D 0A0D 
 2411      0A00 
 2412               		.type	con_str_P.2149, @object
 2413               		.size	con_str_P.2149, 13
 2414               	con_str_P.2149:
 2415 0081 436F 6E6E 		.string	"Connection: "
 2415      6563 7469 
 2415      6F6E 3A20 
 2415      00
 2416               		.type	len_fmt_P.2148, @object
 2417               		.size	len_fmt_P.2148, 22
 2418               	len_fmt_P.2148:
 2419 008e 436F 6E74 		.string	"Content-Length: %ld\r\n"
 2419      656E 742D 
 2419      4C65 6E67 
 2419      7468 3A20 
 2419      256C 640D 
 2420               		.type	typ_fmt_P.2147, @object
 2421               		.size	typ_fmt_P.2147, 19
 2422               	typ_fmt_P.2147:
 2423 00a4 436F 6E74 		.string	"Content-Type: %s\r\n"
GAS LISTING C:/Users/MICHEL~1/AppData/Local/Temp/ccWG8Fhh.s 			page 46


 2423      656E 742D 
 2423      5479 7065 
 2423      3A20 2573 
 2423      0D0A 00
 2424               		.type	len_fmt_P.2140, @object
 2425               		.size	len_fmt_P.2140, 22
 2426               	len_fmt_P.2140:
 2427 00b7 436F 6E74 		.string	"Content-Length: %ld\r\n"
 2427      656E 742D 
 2427      4C65 6E67 
 2427      7468 3A20 
 2427      256C 640D 
 2428               		.type	typ_fmt_P.2139, @object
 2429               		.size	typ_fmt_P.2139, 19
 2430               	typ_fmt_P.2139:
 2431 00cd 436F 6E74 		.string	"Content-Type: %s\r\n"
 2431      656E 742D 
 2431      5479 7065 
 2431      3A20 2573 
 2431      0D0A 00
 2432               		.type	fmt_P.2125, @object
 2433               		.size	fmt_P.2125, 40
 2434               	fmt_P.2125:
 2435 00e0 4854 5450 		.string	"HTTP/%d.%d %d %s\r\nServer: Ethernut %s\r\n"
 2435      2F25 642E 
 2435      2564 2025 
 2435      6420 2573 
 2435      0D0A 5365 
 2436               		.lcomm http_optflags,4
 2437               		.comm http_root,2,1
 2438               	/* File "source/httpd.c": code 2078 = 0x081e (1841), prologues 114, epilogues 123 */
GAS LISTING C:/Users/MICHEL~1/AppData/Local/Temp/ccWG8Fhh.s 			page 47


DEFINED SYMBOLS
                            *ABS*:00000000 httpd.c
C:/Users/MICHEL~1/AppData/Local/Temp/ccWG8Fhh.s:3      *ABS*:0000003f __SREG__
C:/Users/MICHEL~1/AppData/Local/Temp/ccWG8Fhh.s:4      *ABS*:0000003e __SP_H__
C:/Users/MICHEL~1/AppData/Local/Temp/ccWG8Fhh.s:5      *ABS*:0000003d __SP_L__
C:/Users/MICHEL~1/AppData/Local/Temp/ccWG8Fhh.s:6      *ABS*:00000000 __tmp_reg__
C:/Users/MICHEL~1/AppData/Local/Temp/ccWG8Fhh.s:7      *ABS*:00000001 __zero_reg__
C:/Users/MICHEL~1/AppData/Local/Temp/ccWG8Fhh.s:12     .text:00000000 NextWord
C:/Users/MICHEL~1/AppData/Local/Temp/ccWG8Fhh.s:46     .text:00000028 NutHttpSetOptionFlags
                             .bss:00000000 http_optflags
C:/Users/MICHEL~1/AppData/Local/Temp/ccWG8Fhh.s:60     .text:0000003a NutHttpGetOptionFlags
C:/Users/MICHEL~1/AppData/Local/Temp/ccWG8Fhh.s:73     .text:0000004c DestroyRequestInfo
C:/Users/MICHEL~1/AppData/Local/Temp/ccWG8Fhh.s:147    .text:000000ce NutGetMimeHandler
C:/Users/MICHEL~1/AppData/Local/Temp/ccWG8Fhh.s:2316   .data:0000022c mimeTypes
C:/Users/MICHEL~1/AppData/Local/Temp/ccWG8Fhh.s:241    .text:00000178 NutGetMimeType
C:/Users/MICHEL~1/AppData/Local/Temp/ccWG8Fhh.s:334    .text:00000222 HeaderFieldValue
C:/Users/MICHEL~1/AppData/Local/Temp/ccWG8Fhh.s:391    .text:0000027c NutRegisterHttpRoot
                            *COM*:00000002 http_root
C:/Users/MICHEL~1/AppData/Local/Temp/ccWG8Fhh.s:443    .text:000002da NutHttpURLDecode
C:/Users/MICHEL~1/AppData/Local/Temp/ccWG8Fhh.s:2392   .data:000002f9 C.5.2221
C:/Users/MICHEL~1/AppData/Local/Temp/ccWG8Fhh.s:547    .text:0000038c NutHttpProcessQueryString
C:/Users/MICHEL~1/AppData/Local/Temp/ccWG8Fhh.s:701    .text:00000498 NutHttpSendHeaderBottom
C:/Users/MICHEL~1/AppData/Local/Temp/ccWG8Fhh.s:2422   .progmem.data:000000a4 typ_fmt_P.2147
C:/Users/MICHEL~1/AppData/Local/Temp/ccWG8Fhh.s:2418   .progmem.data:0000008e len_fmt_P.2148
C:/Users/MICHEL~1/AppData/Local/Temp/ccWG8Fhh.s:2414   .progmem.data:00000081 con_str_P.2149
C:/Users/MICHEL~1/AppData/Local/Temp/ccWG8Fhh.s:2406   .progmem.data:00000068 cka_str_P.2151
C:/Users/MICHEL~1/AppData/Local/Temp/ccWG8Fhh.s:2410   .progmem.data:00000077 ccl_str_P.2150
C:/Users/MICHEL~1/AppData/Local/Temp/ccWG8Fhh.s:797    .text:0000053e NutHttpSendHeaderBot
C:/Users/MICHEL~1/AppData/Local/Temp/ccWG8Fhh.s:2430   .progmem.data:000000cd typ_fmt_P.2139
C:/Users/MICHEL~1/AppData/Local/Temp/ccWG8Fhh.s:2426   .progmem.data:000000b7 len_fmt_P.2140
C:/Users/MICHEL~1/AppData/Local/Temp/ccWG8Fhh.s:873    .text:000005be NutHttpSendHeaderTop
C:/Users/MICHEL~1/AppData/Local/Temp/ccWG8Fhh.s:2434   .progmem.data:000000e0 fmt_P.2125
C:/Users/MICHEL~1/AppData/Local/Temp/ccWG8Fhh.s:1000   .text:00000694 NutHttpSendError
C:/Users/MICHEL~1/AppData/Local/Temp/ccWG8Fhh.s:2397   .progmem.data:00000000 auth_fmt_P.2159
C:/Users/MICHEL~1/AppData/Local/Temp/ccWG8Fhh.s:2401   .progmem.data:00000025 err_fmt_P.2158
C:/Users/MICHEL~1/AppData/Local/Temp/ccWG8Fhh.s:1264   .text:00000828 NutHttpProcessRequest
C:/Users/MICHEL~1/AppData/Local/Temp/ccWG8Fhh.s:2379   .data:000002e5 default_files

UNDEFINED SYMBOLS
__do_copy_data
__do_clear_bss
free
strcasecmp
malloc
strcpy
strtol
fprintf_P
fputs_P
fputs
NutVersionString
time
gmtime
Rfc1123TimeString
fprintf
strrchr
fgets
strchr
GAS LISTING C:/Users/MICHEL~1/AppData/Local/Temp/ccWG8Fhh.s 			page 48


strncasecmp
atol
RfcTimeParse
NutDecodePath
NutHttpAuthValidate
NutCgiProcessRequest
strcat
printf
_open
stat
_close
_filelength
_read
fwrite
fflush
